{
    "numTotalTestSuites": 15,
    "numPassedTestSuites": 4,
    "numFailedTestSuites": 11,
    "numPendingTestSuites": 0,
    "numTotalTests": 16,
    "numPassedTests": 6,
    "numFailedTests": 10,
    "numPendingTests": 0,
    "numTodoTests": 0,
    "snapshot": {
        "added": 0,
        "failure": false,
        "filesAdded": 0,
        "filesRemoved": 0,
        "filesRemovedList": [],
        "filesUnmatched": 0,
        "filesUpdated": 0,
        "matched": 0,
        "total": 0,
        "unchecked": 0,
        "uncheckedKeysByFile": [],
        "unmatched": 0,
        "updated": 0,
        "didUpdate": false
    },
    "startTime": 1760349417231,
    "success": false,
    "testResults": [
        {
            "assertionResults": [
                {
                    "ancestorTitles": [
                        "Goal Weightage and Category Assignment - Black Box Tests",
                        "TC-B01.1 - Valid Weightage (50%)"
                    ],
                    "fullName": "Goal Weightage and Category Assignment - Black Box Tests TC-B01.1 - Valid Weightage (50%) should create goal successfully with weightage=50",
                    "status": "failed",
                    "title": "should create goal successfully with weightage=50",
                    "duration": 6595.2606,
                    "failureMessages": [
                        "AssertionError: expected \"spy\" to be called with arguments: [ 'Goal added to appraisal', …(1) ]\u001b[90m\n\nNumber of calls: \u001b[1m0\u001b[22m\n\u001b[39m\n\nIgnored nodes: comments, script, style\n\u001b[36m<html>\u001b[39m\n  \u001b[36m<head />\u001b[39m\n  \u001b[36m<body\u001b[39m\n    \u001b[33mdata-scroll-locked\u001b[39m=\u001b[32m\"1\"\u001b[39m\n    \u001b[33mstyle\u001b[39m=\u001b[32m\"pointer-events: none;\"\u001b[39m\n  \u001b[36m>\u001b[39m\n    \u001b[36m<span\u001b[39m\n      \u001b[33maria-hidden\u001b[39m=\u001b[32m\"true\"\u001b[39m\n      \u001b[33mdata-aria-hidden\u001b[39m=\u001b[32m\"true\"\u001b[39m\n      \u001b[33mdata-radix-focus-guard\u001b[39m=\u001b[32m\"\"\u001b[39m\n      \u001b[33mstyle\u001b[39m=\u001b[32m\"outline: none; opacity: 0; position: fixed; pointer-events: none;\"\u001b[39m\n      \u001b[33mtabindex\u001b[39m=\u001b[32m\"0\"\u001b[39m\n    \u001b[36m/>\u001b[39m\n    \u001b[36m<div\u001b[39m\n      \u001b[33maria-hidden\u001b[39m=\u001b[32m\"true\"\u001b[39m\n      \u001b[33mdata-aria-hidden\u001b[39m=\u001b[32m\"true\"\u001b[39m\n    \u001b[36m/>\u001b[39m\n    \u001b[36m<div\u001b[39m\n      \u001b[33maria-hidden\u001b[39m=\u001b[32m\"true\"\u001b[39m\n      \u001b[33mclass\u001b[39m=\u001b[32m\"fixed inset-0 z-50 bg-black/70 backdrop-blur-md transition-all duration-300 motion-reduce:transition-none motion-reduce:animate-none data-[state=open]:animate-in data-[state=closed]:animate-out data-[state=closed]:fade-out-0 data-[state=open]:fade-in-0\"\u001b[39m\n      \u001b[33mdata-aria-hidden\u001b[39m=\u001b[32m\"true\"\u001b[39m\n      \u001b[33mdata-state\u001b[39m=\u001b[32m\"open\"\u001b[39m\n      \u001b[33mstyle\u001b[39m=\u001b[32m\"pointer-events: auto;\"\u001b[39m\n    \u001b[36m/>\u001b[39m\n    \u001b[36m<div\u001b[39m\n      \u001b[33maria-describedby\u001b[39m=\u001b[32m\"radix-«r2»\"\u001b[39m\n      \u001b[33maria-labelledby\u001b[39m=\u001b[32m\"radix-«r1»\"\u001b[39m\n      \u001b[33mclass\u001b[39m=\u001b[32m\"fixed left-[50%] top-[50%] z-50 grid w-full translate-x-[-50%] translate-y-[-50%] gap-4 border-0 bg-background shadow-large duration-300 data-[state=open]:animate-in data-[state=closed]:animate-out data-[state=closed]:fade-out-0 data-[state=open]:fade-in-0 data-[state=closed]:zoom-out-95 data-[state=open]:zoom-in-95 data-[state=closed]:slide-out-to-left-1/2 data-[state=closed]:slide-out-to-top-[48%] data-[state=open]:slide-in-from-left-1/2 data-[state=open]:slide-in-from-top-[48%] sm:rounded-xl motion-reduce:animate-none max-w-[95vw] sm:max-w-4xl max-h-[85vh] sm:max-h-[90vh] overflow-auto nice-scrollbar p-4 sm:p-6\"\u001b[39m\n      \u001b[33mdata-state\u001b[39m=\u001b[32m\"open\"\u001b[39m\n      \u001b[33mid\u001b[39m=\u001b[32m\"radix-«r0»\"\u001b[39m\n      \u001b[33mrole\u001b[39m=\u001b[32m\"dialog\"\u001b[39m\n      \u001b[33mstyle\u001b[39m=\u001b[32m\"pointer-events: auto;\"\u001b[39m\n      \u001b[33mtabindex\u001b[39m=\u001b[32m\"-1\"\u001b[39m\n    \u001b[36m>\u001b[39m\n      \u001b[36m<div\u001b[39m\n        \u001b[33mclass\u001b[39m=\u001b[32m\"flex flex-col space-y-1.5 text-center sm:text-left pb-3\"\u001b[39m\n      \u001b[36m>\u001b[39m\n        \u001b[36m<div\u001b[39m\n          \u001b[33mclass\u001b[39m=\u001b[32m\"flex items-center justify-between gap-3\"\u001b[39m\n        \u001b[36m>\u001b[39m\n          \u001b[36m<div\u001b[39m\n            \u001b[33mclass\u001b[39m=\u001b[32m\"p-2 rounded-lg bg-primary/10\"\u001b[39m\n          \u001b[36m>\u001b[39m\n            \u001b[36m<svg\u001b[39m\n              \u001b[33mclass\u001b[39m=\u001b[32m\"lucide lucide-plus h-5 w-5 text-primary\"\u001b[39m\n              \u001b[33mfill\u001b[39m=\u001b[32m\"none\"\u001b[39m\n              \u001b[33mheight\u001b[39m=\u001b[32m\"24\"\u001b[39m\n              \u001b[33mstroke\u001b[39m=\u001b[32m\"currentColor\"\u001b[39m\n              \u001b[33mstroke-linecap\u001b[39m=\u001b[32m\"round\"\u001b[39m\n              \u001b[33mstroke-linejoin\u001b[39m=\u001b[32m\"round\"\u001b[39m\n              \u001b[33mstroke-width\u001b[39m=\u001b[32m\"2\"\u001b[39m\n              \u001b[33mviewBox\u001b[39m=\u001b[32m\"0 0 24 24\"\u001b[39m\n              \u001b[33mwidth\u001b[39m=\u001b[32m\"24\"\u001b[39m\n              \u001b[33mxmlns\u001b[39m=\u001b[32m\"http://www.w3.org/2000/svg\"\u001b[39m\n            \u001b[36m>\u001b[39m\n              \u001b[36m<path\u001b[39m\n                \u001b[33md\u001b[39m=\u001b[32m\"M5 12h14\"\u001b[39m\n              \u001b[36m/>\u001b[39m\n              \u001b[36m<path\u001b[39m\n                \u001b[33md\u001b[39m=\u001b[32m\"M12 5v14\"\u001b[39m\n              \u001b[36m/>\u001b[39m\n            \u001b[36m</svg>\u001b[39m\n          \u001b[36m</div>\u001b[39m\n          \u001b[36m<div>\u001b[39m\n            \u001b[36m<h2\u001b[39m\n              \u001b[33mclass\u001b[39m=\u001b[32m\"tracking-tight text-lg sm:text-xl font-semibold text-foreground\"\u001b[39m\n              \u001b[33mid\u001b[39m=\u001b[32m\"radix-«r1»\"\u001b[39m\n            \u001b[36m>\u001b[39m\n              \u001b[0mAdd New Goal\u001b[0m\n            \u001b[36m</h2>\u001b[39m\n            \u001b[36m<p\u001b[39m\n              \u001b[33mclass\u001b[39m=\u001b[32m\"text-sm text-muted-foreground mt-1\"\u001b[39m\n            \u001b[36m>\u001b[39m\n              \u001b[0mCreate a new performance goal for this appraisal\u001b[0m\n            \u001b[36m</p>\u001b[39m\n          \u001b[36m</div>\u001b[39m\n          \u001b[36m<div\u001b[39m\n            \u001b[33mclass\u001b[39m=\u001b[32m\"text-xs text-muted-foreground ml-auto\"\u001b[39m\n          \u001b[36m>\u001b[39m\n            \u001b[0mRemaining:\u001b[0m\n            \u001b[0m \u001b[0m\n            \u001b[36m<span\u001b[39m\n              \u001b[33mclass\u001b[39m=\u001b[32m\"font-medium\"\u001b[39m\n            \u001b[36m>\u001b[39m\n              \u001b[0m100\u001b[0m\n              \u001b[0m%\u001b[0m\n            \u001b[36m</span>\u001b[39m\n          \u001b[36m</div>\u001b[39m\n        \u001b[36m</div>\u001b[39m\n      \u001b[36m</div>\u001b[39m\n      \u001b[36m<form\u001b[39m\n        \u001b[33mclass\u001b[39m=\u001b[32m\"space-y-4\"\u001b[39m\n      \u001b[36m>\u001b[39m\n        \u001b[36m<div\u001b[39m\n          \u001b[33mclass\u001b[39m=\u001b[32m\"space-y-4\"\u001b[39m\n        \u001b[36m>\u001b[39m\n          \u001b[36m<div\u001b[39m\n            \u001b[33mclass\u001b[39m=\u001b[32m\"grid gap-4\"\u001b[39m\n          \u001b[36m>\u001b[39m\n            \u001b[36m<div\u001b[39m\n              \u001b[33mclass\u001b[39m=\u001b[32m\"space-y-2\"\u001b[39m\n            \u001b[36m>\u001b[39m\n              \u001b[36m<label\u001b[39m\n                \u001b[33mclass\u001b[39m=\u001b[32m\"peer-disabled:cursor-not-allowed peer-disabled:opacity-70 text-sm font-medium text-foreground flex items-center gap-2\"\u001b[39m\n                \u001b[33mfor\u001b[39m=\u001b[32m\"goal_title\"\u001b[39m\n              \u001b[36m>\u001b[39m\n                \u001b[36m<svg\u001b[39m\n                  \u001b[33mclass\u001b[39m=\u001b[32m\"lucide lucide-target h-4 w-4 text-primary\"\u001b[39m\n                  \u001b[33mfill\u001b[39m=\u001b[32m\"none\"\u001b[39m\n                  \u001b[33mheight\u001b[39m=\u001b[32m\"24\"\u001b[39m\n                  \u001b[33mstroke\u001b[39m=\u001b[32m\"currentColor\"\u001b[39m\n                  \u001b[33mstroke-linecap\u001b[39m=\u001b[32m\"round\"\u001b[39m\n                  \u001b[33mstroke-linejoin\u001b[39m=\u001b[32m\"round\"\u001b[39m\n                  \u001b[33mstroke-width\u001b[39m=\u001b[32m\"2\"\u001b[39m\n                  \u001b[33mviewBox\u001b[39m=\u001b[32m\"0 0 24 24\"\u001b[39m\n                  \u001b[33mwidth\u001b[39m=\u001b[32m\"24\"\u001b[39m\n                  \u001b[33mxmlns\u001b[39m=\u001b[32m\"http://www.w3.org/2000/svg\"\u001b[39m\n                \u001b[36m>\u001b[39m\n                  \u001b[36m<circle\u001b[39m\n                    \u001b[33mcx\u001b[39m=\u001b[32m\"12\"\u001b[39m\n                    \u001b[33mcy\u001b[39m=\u001b[32m\"12\"\u001b[39m\n                    \u001b[33mr\u001b[39m=\u001b[32m\"10\"\u001b[39m\n                  \u001b[36m/>\u001b[39m\n                  \u001b[36m<circle\u001b[39m\n                    \u001b[33mcx\u001b[39m=\u001b[32m\"12\"\u001b[39m\n                    \u001b[33mcy\u001b[39m=\u001b[32m\"12\"\u001b[39m\n                    \u001b[33mr\u001b[39m=\u001b[32m\"6\"\u001b[39m\n                  \u001b[36m/>\u001b[39m\n                  \u001b[36m<circle\u001b[39m\n                    \u001b[33mcx\u001b[39m=\u001b[32m\"12\"\u001b[39m\n                    \u001b[33mcy\u001b[39m=\u001b[32m\"12\"\u001b[39m\n                    \u001b[33mr\u001b[39m=\u001b[32m\"2\"\u001b[39m\n                  \u001b[36m/>\u001b[39m\n                \u001b[36m</svg>\u001b[39m\n                \u001b[0mGoal Title\u001b[0m\n              \u001b[36m</label>\u001b[39m\n              \u001b[36m<input\u001b[39m\n                \u001b[33mclass\u001b[39m=\u001b[32m\"flex w-full rounded-lg border-2 bg-background px-4 py-2 text-sm ring-offset-background file:border-0 file:bg-transparent file:text-sm file:font-medium placeholder:text-muted-foreground focus-visible:outline-none focus-visible:ring-2 focus-visible:ring-primary/50 focus-visible:ring-offset-2 focus-visible:border-primary disabled:cursor-not-allowed disabled:opacity-50 transition-all duration-300 hover:border-primary/50 hover:shadow-soft focus:shadow-medium motion-reduce:transition-n...\n    at Proxy.<anonymous> (file:///C:/AppBuilderProject/Performance_Management_System_Shadcn/frontend/node_modules/@vitest/expect/dist/index.js:1355:10)\n    at Proxy.<anonymous> (file:///C:/AppBuilderProject/Performance_Management_System_Shadcn/frontend/node_modules/@vitest/expect/dist/index.js:1029:14)\n    at Proxy.methodWrapper (file:///C:/AppBuilderProject/Performance_Management_System_Shadcn/frontend/node_modules/chai/index.js:1686:25)\n    at C:\\AppBuilderProject\\Performance_Management_System_Shadcn\\frontend\\src\\features\\goals\\__tests__\\GoalWeightageCategory.test.tsx:121:31\n    at runWithExpensiveErrorDiagnosticsDisabled (C:\\AppBuilderProject\\Performance_Management_System_Shadcn\\frontend\\node_modules\\@testing-library\\dom\\dist\\config.js:47:12)\n    at checkCallback (C:\\AppBuilderProject\\Performance_Management_System_Shadcn\\frontend\\node_modules\\@testing-library\\dom\\dist\\wait-for.js:124:77)\n    at Timeout.checkRealTimersCallback (C:\\AppBuilderProject\\Performance_Management_System_Shadcn\\frontend\\node_modules\\@testing-library\\dom\\dist\\wait-for.js:118:16)\n    at listOnTimeout (node:internal/timers:588:17)\n    at processTimers (node:internal/timers:523:7)"
                    ],
                    "meta": {}
                },
                {
                    "ancestorTitles": [
                        "Goal Weightage and Category Assignment - Black Box Tests",
                        "TC-B01.1-N1 - Invalid Weightage (0)"
                    ],
                    "fullName": "Goal Weightage and Category Assignment - Black Box Tests TC-B01.1-N1 - Invalid Weightage (0) should reject weightage of 0",
                    "status": "failed",
                    "title": "should reject weightage of 0",
                    "duration": 1766.7194,
                    "failureMessages": [
                        "TestingLibraryElementError: Unable to find an element with the text: Medium. This could be because the text is broken up by multiple elements. In this case, you can provide a function for your text matcher to make your matcher more flexible.\n\nIgnored nodes: comments, script, style\n\u001b[36m<body\u001b[39m\n  \u001b[33mdata-scroll-locked\u001b[39m=\u001b[32m\"1\"\u001b[39m\n  \u001b[33mstyle\u001b[39m=\u001b[32m\"pointer-events: none;\"\u001b[39m\n\u001b[36m>\u001b[39m\n  \u001b[36m<span\u001b[39m\n    \u001b[33maria-hidden\u001b[39m=\u001b[32m\"true\"\u001b[39m\n    \u001b[33mdata-aria-hidden\u001b[39m=\u001b[32m\"true\"\u001b[39m\n    \u001b[33mdata-radix-focus-guard\u001b[39m=\u001b[32m\"\"\u001b[39m\n    \u001b[33mstyle\u001b[39m=\u001b[32m\"outline: none; opacity: 0; position: fixed; pointer-events: none;\"\u001b[39m\n    \u001b[33mtabindex\u001b[39m=\u001b[32m\"0\"\u001b[39m\n  \u001b[36m/>\u001b[39m\n  \u001b[36m<div\u001b[39m\n    \u001b[33maria-hidden\u001b[39m=\u001b[32m\"true\"\u001b[39m\n    \u001b[33mdata-aria-hidden\u001b[39m=\u001b[32m\"true\"\u001b[39m\n  \u001b[36m/>\u001b[39m\n  \u001b[36m<div\u001b[39m\n    \u001b[33maria-hidden\u001b[39m=\u001b[32m\"true\"\u001b[39m\n    \u001b[33mclass\u001b[39m=\u001b[32m\"fixed inset-0 z-50 bg-black/70 backdrop-blur-md transition-all duration-300 motion-reduce:transition-none motion-reduce:animate-none data-[state=open]:animate-in data-[state=closed]:animate-out data-[state=closed]:fade-out-0 data-[state=open]:fade-in-0\"\u001b[39m\n    \u001b[33mdata-aria-hidden\u001b[39m=\u001b[32m\"true\"\u001b[39m\n    \u001b[33mdata-state\u001b[39m=\u001b[32m\"open\"\u001b[39m\n    \u001b[33mstyle\u001b[39m=\u001b[32m\"pointer-events: auto;\"\u001b[39m\n  \u001b[36m/>\u001b[39m\n  \u001b[36m<div\u001b[39m\n    \u001b[33maria-describedby\u001b[39m=\u001b[32m\"radix-«rd»\"\u001b[39m\n    \u001b[33maria-labelledby\u001b[39m=\u001b[32m\"radix-«rc»\"\u001b[39m\n    \u001b[33mclass\u001b[39m=\u001b[32m\"fixed left-[50%] top-[50%] z-50 grid w-full translate-x-[-50%] translate-y-[-50%] gap-4 border-0 bg-background shadow-large duration-300 data-[state=open]:animate-in data-[state=closed]:animate-out data-[state=closed]:fade-out-0 data-[state=open]:fade-in-0 data-[state=closed]:zoom-out-95 data-[state=open]:zoom-in-95 data-[state=closed]:slide-out-to-left-1/2 data-[state=closed]:slide-out-to-top-[48%] data-[state=open]:slide-in-from-left-1/2 data-[state=open]:slide-in-from-top-[48%] sm:rounded-xl motion-reduce:animate-none max-w-[95vw] sm:max-w-4xl max-h-[85vh] sm:max-h-[90vh] overflow-auto nice-scrollbar p-4 sm:p-6\"\u001b[39m\n    \u001b[33mdata-state\u001b[39m=\u001b[32m\"open\"\u001b[39m\n    \u001b[33mid\u001b[39m=\u001b[32m\"radix-«rb»\"\u001b[39m\n    \u001b[33mrole\u001b[39m=\u001b[32m\"dialog\"\u001b[39m\n    \u001b[33mstyle\u001b[39m=\u001b[32m\"pointer-events: auto;\"\u001b[39m\n    \u001b[33mtabindex\u001b[39m=\u001b[32m\"-1\"\u001b[39m\n  \u001b[36m>\u001b[39m\n    \u001b[36m<div\u001b[39m\n      \u001b[33mclass\u001b[39m=\u001b[32m\"flex flex-col space-y-1.5 text-center sm:text-left pb-3\"\u001b[39m\n    \u001b[36m>\u001b[39m\n      \u001b[36m<div\u001b[39m\n        \u001b[33mclass\u001b[39m=\u001b[32m\"flex items-center justify-between gap-3\"\u001b[39m\n      \u001b[36m>\u001b[39m\n        \u001b[36m<div\u001b[39m\n          \u001b[33mclass\u001b[39m=\u001b[32m\"p-2 rounded-lg bg-primary/10\"\u001b[39m\n        \u001b[36m>\u001b[39m\n          \u001b[36m<svg\u001b[39m\n            \u001b[33mclass\u001b[39m=\u001b[32m\"lucide lucide-plus h-5 w-5 text-primary\"\u001b[39m\n            \u001b[33mfill\u001b[39m=\u001b[32m\"none\"\u001b[39m\n            \u001b[33mheight\u001b[39m=\u001b[32m\"24\"\u001b[39m\n            \u001b[33mstroke\u001b[39m=\u001b[32m\"currentColor\"\u001b[39m\n            \u001b[33mstroke-linecap\u001b[39m=\u001b[32m\"round\"\u001b[39m\n            \u001b[33mstroke-linejoin\u001b[39m=\u001b[32m\"round\"\u001b[39m\n            \u001b[33mstroke-width\u001b[39m=\u001b[32m\"2\"\u001b[39m\n            \u001b[33mviewBox\u001b[39m=\u001b[32m\"0 0 24 24\"\u001b[39m\n            \u001b[33mwidth\u001b[39m=\u001b[32m\"24\"\u001b[39m\n            \u001b[33mxmlns\u001b[39m=\u001b[32m\"http://www.w3.org/2000/svg\"\u001b[39m\n          \u001b[36m>\u001b[39m\n            \u001b[36m<path\u001b[39m\n              \u001b[33md\u001b[39m=\u001b[32m\"M5 12h14\"\u001b[39m\n            \u001b[36m/>\u001b[39m\n            \u001b[36m<path\u001b[39m\n              \u001b[33md\u001b[39m=\u001b[32m\"M12 5v14\"\u001b[39m\n            \u001b[36m/>\u001b[39m\n          \u001b[36m</svg>\u001b[39m\n        \u001b[36m</div>\u001b[39m\n        \u001b[36m<div>\u001b[39m\n          \u001b[36m<h2\u001b[39m\n            \u001b[33mclass\u001b[39m=\u001b[32m\"tracking-tight text-lg sm:text-xl font-semibold text-foreground\"\u001b[39m\n            \u001b[33mid\u001b[39m=\u001b[32m\"radix-«rc»\"\u001b[39m\n          \u001b[36m>\u001b[39m\n            \u001b[0mAdd New Goal\u001b[0m\n          \u001b[36m</h2>\u001b[39m\n          \u001b[36m<p\u001b[39m\n            \u001b[33mclass\u001b[39m=\u001b[32m\"text-sm text-muted-foreground mt-1\"\u001b[39m\n          \u001b[36m>\u001b[39m\n            \u001b[0mCreate a new performance goal for this appraisal\u001b[0m\n          \u001b[36m</p>\u001b[39m\n        \u001b[36m</div>\u001b[39m\n        \u001b[36m<div\u001b[39m\n          \u001b[33mclass\u001b[39m=\u001b[32m\"text-xs text-muted-foreground ml-auto\"\u001b[39m\n        \u001b[36m>\u001b[39m\n          \u001b[0mRemaining:\u001b[0m\n          \u001b[0m \u001b[0m\n          \u001b[36m<span\u001b[39m\n            \u001b[33mclass\u001b[39m=\u001b[32m\"font-medium\"\u001b[39m\n          \u001b[36m>\u001b[39m\n            \u001b[0m100\u001b[0m\n            \u001b[0m%\u001b[0m\n          \u001b[36m</span>\u001b[39m\n        \u001b[36m</div>\u001b[39m\n      \u001b[36m</div>\u001b[39m\n    \u001b[36m</div>\u001b[39m\n    \u001b[36m<form\u001b[39m\n      \u001b[33mclass\u001b[39m=\u001b[32m\"space-y-4\"\u001b[39m\n    \u001b[36m>\u001b[39m\n      \u001b[36m<div\u001b[39m\n        \u001b[33mclass\u001b[39m=\u001b[32m\"space-y-4\"\u001b[39m\n      \u001b[36m>\u001b[39m\n        \u001b[36m<div\u001b[39m\n          \u001b[33mclass\u001b[39m=\u001b[32m\"grid gap-4\"\u001b[39m\n        \u001b[36m>\u001b[39m\n          \u001b[36m<div\u001b[39m\n            \u001b[33mclass\u001b[39m=\u001b[32m\"space-y-2\"\u001b[39m\n          \u001b[36m>\u001b[39m\n            \u001b[36m<label\u001b[39m\n              \u001b[33mclass\u001b[39m=\u001b[32m\"peer-disabled:cursor-not-allowed peer-disabled:opacity-70 text-sm font-medium text-foreground flex items-center gap-2\"\u001b[39m\n              \u001b[33mfor\u001b[39m=\u001b[32m\"goal_title\"\u001b[39m\n            \u001b[36m>\u001b[39m\n              \u001b[36m<svg\u001b[39m\n                \u001b[33mclass\u001b[39m=\u001b[32m\"lucide lucide-target h-4 w-4 text-primary\"\u001b[39m\n                \u001b[33mfill\u001b[39m=\u001b[32m\"none\"\u001b[39m\n                \u001b[33mheight\u001b[39m=\u001b[32m\"24\"\u001b[39m\n                \u001b[33mstroke\u001b[39m=\u001b[32m\"currentColor\"\u001b[39m\n                \u001b[33mstroke-linecap\u001b[39m=\u001b[32m\"round\"\u001b[39m\n                \u001b[33mstroke-linejoin\u001b[39m=\u001b[32m\"round\"\u001b[39m\n                \u001b[33mstroke-width\u001b[39m=\u001b[32m\"2\"\u001b[39m\n                \u001b[33mviewBox\u001b[39m=\u001b[32m\"0 0 24 24\"\u001b[39m\n                \u001b[33mwidth\u001b[39m=\u001b[32m\"24\"\u001b[39m\n                \u001b[33mxmlns\u001b[39m=\u001b[32m\"http://www.w3.org/2000/svg\"\u001b[39m\n              \u001b[36m>\u001b[39m\n                \u001b[36m<circle\u001b[39m\n                  \u001b[33mcx\u001b[39m=\u001b[32m\"12\"\u001b[39m\n                  \u001b[33mcy\u001b[39m=\u001b[32m\"12\"\u001b[39m\n                  \u001b[33mr\u001b[39m=\u001b[32m\"10\"\u001b[39m\n                \u001b[36m/>\u001b[39m\n                \u001b[36m<circle\u001b[39m\n                  \u001b[33mcx\u001b[39m=\u001b[32m\"12\"\u001b[39m\n                  \u001b[33mcy\u001b[39m=\u001b[32m\"12\"\u001b[39m\n                  \u001b[33mr\u001b[39m=\u001b[32m\"6\"\u001b[39m\n                \u001b[36m/>\u001b[39m\n                \u001b[36m<circle\u001b[39m\n                  \u001b[33mcx\u001b[39m=\u001b[32m\"12\"\u001b[39m\n                  \u001b[33mcy\u001b[39m=\u001b[32m\"12\"\u001b[39m\n                  \u001b[33mr\u001b[39m=\u001b[32m\"2\"\u001b[39m\n                \u001b[36m/>\u001b[39m\n              \u001b[36m</svg>\u001b[39m\n              \u001b[0mGoal Title\u001b[0m\n            \u001b[36m</label>\u001b[39m\n            \u001b[36m<input\u001b[39m\n              \u001b[33mclass\u001b[39m=\u001b[32m\"flex w-full rounded-lg border-2 bg-background px-4 py-2 text-sm ring-offset-background file:border-0 file:bg-transparent file:text-sm file:font-medium placeholder:text-muted-foreground focus-visible:outline-none focus-visible:ring-2 focus-visible:ring-primary/50 focus-visible:ring-offset-2 focus-visible:border-primary disabled:cursor-not-allowed disabled:opacity-50 transition-all duration-300 hover:border-primary/50 hover:shadow-soft focus:shadow-medium motion-reduce:transition-none h-11 focus:ring-2 focus:ring-primary/20 border-border/50\"\u001b[39m\n              \u001b[33mid\u001b[39m=\u001b[32m\"goal_title\"\u001b[39m\n              \u001b[33mplaceholder\u001b[39m=\u001b[32m\"Enter a clear, specific goal title\"\u001b[39m\n              \u001b[33mrequired\u001b[39m=\u001b[32m\"\"\u001b[39m\n              \u001b[33mvalue\u001b[39m=\u001b[32m\"Test Goal\"\u001b[39m\n            ...\n    at Object.getElementError (C:\\AppBuilderProject\\Performance_Management_System_Shadcn\\frontend\\node_modules\\@testing-library\\dom\\dist\\config.js:37:19)\n    at C:\\AppBuilderProject\\Performance_Management_System_Shadcn\\frontend\\node_modules\\@testing-library\\dom\\dist\\query-helpers.js:76:38\n    at C:\\AppBuilderProject\\Performance_Management_System_Shadcn\\frontend\\node_modules\\@testing-library\\dom\\dist\\query-helpers.js:52:17\n    at C:\\AppBuilderProject\\Performance_Management_System_Shadcn\\frontend\\node_modules\\@testing-library\\dom\\dist\\query-helpers.js:95:19\n    at C:\\AppBuilderProject\\Performance_Management_System_Shadcn\\frontend\\src\\features\\goals\\__tests__\\GoalWeightageCategory.test.tsx:178:36\n    at file:///C:/AppBuilderProject/Performance_Management_System_Shadcn/frontend/node_modules/@vitest/runner/dist/chunk-hooks.js:752:20"
                    ],
                    "meta": {}
                },
                {
                    "ancestorTitles": [
                        "Goal Weightage and Category Assignment - Black Box Tests",
                        "TC-B01.1-N2 - Null/Empty Weightage"
                    ],
                    "fullName": "Goal Weightage and Category Assignment - Black Box Tests TC-B01.1-N2 - Null/Empty Weightage should reject empty weightage",
                    "status": "failed",
                    "title": "should reject empty weightage",
                    "duration": 3534.3233999999993,
                    "failureMessages": [
                        "TestingLibraryElementError: Unable to find an element with the text: High. This could be because the text is broken up by multiple elements. In this case, you can provide a function for your text matcher to make your matcher more flexible.\n\nIgnored nodes: comments, script, style\n\u001b[36m<body\u001b[39m\n  \u001b[33mdata-scroll-locked\u001b[39m=\u001b[32m\"1\"\u001b[39m\n  \u001b[33mstyle\u001b[39m=\u001b[32m\"pointer-events: none;\"\u001b[39m\n\u001b[36m>\u001b[39m\n  \u001b[36m<span\u001b[39m\n    \u001b[33maria-hidden\u001b[39m=\u001b[32m\"true\"\u001b[39m\n    \u001b[33mdata-aria-hidden\u001b[39m=\u001b[32m\"true\"\u001b[39m\n    \u001b[33mdata-radix-focus-guard\u001b[39m=\u001b[32m\"\"\u001b[39m\n    \u001b[33mstyle\u001b[39m=\u001b[32m\"outline: none; opacity: 0; position: fixed; pointer-events: none;\"\u001b[39m\n    \u001b[33mtabindex\u001b[39m=\u001b[32m\"0\"\u001b[39m\n  \u001b[36m/>\u001b[39m\n  \u001b[36m<div\u001b[39m\n    \u001b[33maria-hidden\u001b[39m=\u001b[32m\"true\"\u001b[39m\n    \u001b[33mdata-aria-hidden\u001b[39m=\u001b[32m\"true\"\u001b[39m\n  \u001b[36m/>\u001b[39m\n  \u001b[36m<div\u001b[39m\n    \u001b[33maria-hidden\u001b[39m=\u001b[32m\"true\"\u001b[39m\n    \u001b[33mclass\u001b[39m=\u001b[32m\"fixed inset-0 z-50 bg-black/70 backdrop-blur-md transition-all duration-300 motion-reduce:transition-none motion-reduce:animate-none data-[state=open]:animate-in data-[state=closed]:animate-out data-[state=closed]:fade-out-0 data-[state=open]:fade-in-0\"\u001b[39m\n    \u001b[33mdata-aria-hidden\u001b[39m=\u001b[32m\"true\"\u001b[39m\n    \u001b[33mdata-state\u001b[39m=\u001b[32m\"open\"\u001b[39m\n    \u001b[33mstyle\u001b[39m=\u001b[32m\"pointer-events: auto;\"\u001b[39m\n  \u001b[36m/>\u001b[39m\n  \u001b[36m<div\u001b[39m\n    \u001b[33maria-describedby\u001b[39m=\u001b[32m\"radix-«ro»\"\u001b[39m\n    \u001b[33maria-labelledby\u001b[39m=\u001b[32m\"radix-«rn»\"\u001b[39m\n    \u001b[33mclass\u001b[39m=\u001b[32m\"fixed left-[50%] top-[50%] z-50 grid w-full translate-x-[-50%] translate-y-[-50%] gap-4 border-0 bg-background shadow-large duration-300 data-[state=open]:animate-in data-[state=closed]:animate-out data-[state=closed]:fade-out-0 data-[state=open]:fade-in-0 data-[state=closed]:zoom-out-95 data-[state=open]:zoom-in-95 data-[state=closed]:slide-out-to-left-1/2 data-[state=closed]:slide-out-to-top-[48%] data-[state=open]:slide-in-from-left-1/2 data-[state=open]:slide-in-from-top-[48%] sm:rounded-xl motion-reduce:animate-none max-w-[95vw] sm:max-w-4xl max-h-[85vh] sm:max-h-[90vh] overflow-auto nice-scrollbar p-4 sm:p-6\"\u001b[39m\n    \u001b[33mdata-state\u001b[39m=\u001b[32m\"open\"\u001b[39m\n    \u001b[33mid\u001b[39m=\u001b[32m\"radix-«rm»\"\u001b[39m\n    \u001b[33mrole\u001b[39m=\u001b[32m\"dialog\"\u001b[39m\n    \u001b[33mstyle\u001b[39m=\u001b[32m\"pointer-events: auto;\"\u001b[39m\n    \u001b[33mtabindex\u001b[39m=\u001b[32m\"-1\"\u001b[39m\n  \u001b[36m>\u001b[39m\n    \u001b[36m<div\u001b[39m\n      \u001b[33mclass\u001b[39m=\u001b[32m\"flex flex-col space-y-1.5 text-center sm:text-left pb-3\"\u001b[39m\n    \u001b[36m>\u001b[39m\n      \u001b[36m<div\u001b[39m\n        \u001b[33mclass\u001b[39m=\u001b[32m\"flex items-center justify-between gap-3\"\u001b[39m\n      \u001b[36m>\u001b[39m\n        \u001b[36m<div\u001b[39m\n          \u001b[33mclass\u001b[39m=\u001b[32m\"p-2 rounded-lg bg-primary/10\"\u001b[39m\n        \u001b[36m>\u001b[39m\n          \u001b[36m<svg\u001b[39m\n            \u001b[33mclass\u001b[39m=\u001b[32m\"lucide lucide-plus h-5 w-5 text-primary\"\u001b[39m\n            \u001b[33mfill\u001b[39m=\u001b[32m\"none\"\u001b[39m\n            \u001b[33mheight\u001b[39m=\u001b[32m\"24\"\u001b[39m\n            \u001b[33mstroke\u001b[39m=\u001b[32m\"currentColor\"\u001b[39m\n            \u001b[33mstroke-linecap\u001b[39m=\u001b[32m\"round\"\u001b[39m\n            \u001b[33mstroke-linejoin\u001b[39m=\u001b[32m\"round\"\u001b[39m\n            \u001b[33mstroke-width\u001b[39m=\u001b[32m\"2\"\u001b[39m\n            \u001b[33mviewBox\u001b[39m=\u001b[32m\"0 0 24 24\"\u001b[39m\n            \u001b[33mwidth\u001b[39m=\u001b[32m\"24\"\u001b[39m\n            \u001b[33mxmlns\u001b[39m=\u001b[32m\"http://www.w3.org/2000/svg\"\u001b[39m\n          \u001b[36m>\u001b[39m\n            \u001b[36m<path\u001b[39m\n              \u001b[33md\u001b[39m=\u001b[32m\"M5 12h14\"\u001b[39m\n            \u001b[36m/>\u001b[39m\n            \u001b[36m<path\u001b[39m\n              \u001b[33md\u001b[39m=\u001b[32m\"M12 5v14\"\u001b[39m\n            \u001b[36m/>\u001b[39m\n          \u001b[36m</svg>\u001b[39m\n        \u001b[36m</div>\u001b[39m\n        \u001b[36m<div>\u001b[39m\n          \u001b[36m<h2\u001b[39m\n            \u001b[33mclass\u001b[39m=\u001b[32m\"tracking-tight text-lg sm:text-xl font-semibold text-foreground\"\u001b[39m\n            \u001b[33mid\u001b[39m=\u001b[32m\"radix-«rn»\"\u001b[39m\n          \u001b[36m>\u001b[39m\n            \u001b[0mAdd New Goal\u001b[0m\n          \u001b[36m</h2>\u001b[39m\n          \u001b[36m<p\u001b[39m\n            \u001b[33mclass\u001b[39m=\u001b[32m\"text-sm text-muted-foreground mt-1\"\u001b[39m\n          \u001b[36m>\u001b[39m\n            \u001b[0mCreate a new performance goal for this appraisal\u001b[0m\n          \u001b[36m</p>\u001b[39m\n        \u001b[36m</div>\u001b[39m\n        \u001b[36m<div\u001b[39m\n          \u001b[33mclass\u001b[39m=\u001b[32m\"text-xs text-muted-foreground ml-auto\"\u001b[39m\n        \u001b[36m>\u001b[39m\n          \u001b[0mRemaining:\u001b[0m\n          \u001b[0m \u001b[0m\n          \u001b[36m<span\u001b[39m\n            \u001b[33mclass\u001b[39m=\u001b[32m\"font-medium\"\u001b[39m\n          \u001b[36m>\u001b[39m\n            \u001b[0m100\u001b[0m\n            \u001b[0m%\u001b[0m\n          \u001b[36m</span>\u001b[39m\n        \u001b[36m</div>\u001b[39m\n      \u001b[36m</div>\u001b[39m\n    \u001b[36m</div>\u001b[39m\n    \u001b[36m<form\u001b[39m\n      \u001b[33mclass\u001b[39m=\u001b[32m\"space-y-4\"\u001b[39m\n    \u001b[36m>\u001b[39m\n      \u001b[36m<div\u001b[39m\n        \u001b[33mclass\u001b[39m=\u001b[32m\"space-y-4\"\u001b[39m\n      \u001b[36m>\u001b[39m\n        \u001b[36m<div\u001b[39m\n          \u001b[33mclass\u001b[39m=\u001b[32m\"grid gap-4\"\u001b[39m\n        \u001b[36m>\u001b[39m\n          \u001b[36m<div\u001b[39m\n            \u001b[33mclass\u001b[39m=\u001b[32m\"space-y-2\"\u001b[39m\n          \u001b[36m>\u001b[39m\n            \u001b[36m<label\u001b[39m\n              \u001b[33mclass\u001b[39m=\u001b[32m\"peer-disabled:cursor-not-allowed peer-disabled:opacity-70 text-sm font-medium text-foreground flex items-center gap-2\"\u001b[39m\n              \u001b[33mfor\u001b[39m=\u001b[32m\"goal_title\"\u001b[39m\n            \u001b[36m>\u001b[39m\n              \u001b[36m<svg\u001b[39m\n                \u001b[33mclass\u001b[39m=\u001b[32m\"lucide lucide-target h-4 w-4 text-primary\"\u001b[39m\n                \u001b[33mfill\u001b[39m=\u001b[32m\"none\"\u001b[39m\n                \u001b[33mheight\u001b[39m=\u001b[32m\"24\"\u001b[39m\n                \u001b[33mstroke\u001b[39m=\u001b[32m\"currentColor\"\u001b[39m\n                \u001b[33mstroke-linecap\u001b[39m=\u001b[32m\"round\"\u001b[39m\n                \u001b[33mstroke-linejoin\u001b[39m=\u001b[32m\"round\"\u001b[39m\n                \u001b[33mstroke-width\u001b[39m=\u001b[32m\"2\"\u001b[39m\n                \u001b[33mviewBox\u001b[39m=\u001b[32m\"0 0 24 24\"\u001b[39m\n                \u001b[33mwidth\u001b[39m=\u001b[32m\"24\"\u001b[39m\n                \u001b[33mxmlns\u001b[39m=\u001b[32m\"http://www.w3.org/2000/svg\"\u001b[39m\n              \u001b[36m>\u001b[39m\n                \u001b[36m<circle\u001b[39m\n                  \u001b[33mcx\u001b[39m=\u001b[32m\"12\"\u001b[39m\n                  \u001b[33mcy\u001b[39m=\u001b[32m\"12\"\u001b[39m\n                  \u001b[33mr\u001b[39m=\u001b[32m\"10\"\u001b[39m\n                \u001b[36m/>\u001b[39m\n                \u001b[36m<circle\u001b[39m\n                  \u001b[33mcx\u001b[39m=\u001b[32m\"12\"\u001b[39m\n                  \u001b[33mcy\u001b[39m=\u001b[32m\"12\"\u001b[39m\n                  \u001b[33mr\u001b[39m=\u001b[32m\"6\"\u001b[39m\n                \u001b[36m/>\u001b[39m\n                \u001b[36m<circle\u001b[39m\n                  \u001b[33mcx\u001b[39m=\u001b[32m\"12\"\u001b[39m\n                  \u001b[33mcy\u001b[39m=\u001b[32m\"12\"\u001b[39m\n                  \u001b[33mr\u001b[39m=\u001b[32m\"2\"\u001b[39m\n                \u001b[36m/>\u001b[39m\n              \u001b[36m</svg>\u001b[39m\n              \u001b[0mGoal Title\u001b[0m\n            \u001b[36m</label>\u001b[39m\n            \u001b[36m<input\u001b[39m\n              \u001b[33mclass\u001b[39m=\u001b[32m\"flex w-full rounded-lg border-2 bg-background px-4 py-2 text-sm ring-offset-background file:border-0 file:bg-transparent file:text-sm file:font-medium placeholder:text-muted-foreground focus-visible:outline-none focus-visible:ring-2 focus-visible:ring-primary/50 focus-visible:ring-offset-2 focus-visible:border-primary disabled:cursor-not-allowed disabled:opacity-50 transition-all duration-300 hover:border-primary/50 hover:shadow-soft focus:shadow-medium motion-reduce:transition-none h-11 focus:ring-2 focus:ring-primary/20 border-border/50\"\u001b[39m\n              \u001b[33mid\u001b[39m=\u001b[32m\"goal_title\"\u001b[39m\n              \u001b[33mplaceholder\u001b[39m=\u001b[32m\"Enter a clear, specific goal title\"\u001b[39m\n              \u001b[33mrequired\u001b[39m=\u001b[32m\"\"\u001b[39m\n              \u001b[33mvalue\u001b[39m=\u001b[32m\"Product Knowledge Enhancemen...\n    at Object.getElementError (C:\\AppBuilderProject\\Performance_Management_System_Shadcn\\frontend\\node_modules\\@testing-library\\dom\\dist\\config.js:37:19)\n    at C:\\AppBuilderProject\\Performance_Management_System_Shadcn\\frontend\\node_modules\\@testing-library\\dom\\dist\\query-helpers.js:76:38\n    at C:\\AppBuilderProject\\Performance_Management_System_Shadcn\\frontend\\node_modules\\@testing-library\\dom\\dist\\query-helpers.js:52:17\n    at C:\\AppBuilderProject\\Performance_Management_System_Shadcn\\frontend\\node_modules\\@testing-library\\dom\\dist\\query-helpers.js:95:19\n    at C:\\AppBuilderProject\\Performance_Management_System_Shadcn\\frontend\\src\\features\\goals\\__tests__\\GoalWeightageCategory.test.tsx:241:36\n    at file:///C:/AppBuilderProject/Performance_Management_System_Shadcn/frontend/node_modules/@vitest/runner/dist/chunk-hooks.js:752:20"
                    ],
                    "meta": {}
                },
                {
                    "ancestorTitles": [
                        "Goal Weightage and Category Assignment - Black Box Tests",
                        "TC-B01.2 - Boundary Values"
                    ],
                    "fullName": "Goal Weightage and Category Assignment - Black Box Tests TC-B01.2 - Boundary Values should accept minimum boundary value (1%)",
                    "status": "failed",
                    "title": "should accept minimum boundary value (1%)",
                    "duration": 2249.2892999999985,
                    "failureMessages": [
                        "TestingLibraryElementError: Unable to find an element with the text: Low. This could be because the text is broken up by multiple elements. In this case, you can provide a function for your text matcher to make your matcher more flexible.\n\nIgnored nodes: comments, script, style\n\u001b[36m<body\u001b[39m\n  \u001b[33mdata-scroll-locked\u001b[39m=\u001b[32m\"1\"\u001b[39m\n  \u001b[33mstyle\u001b[39m=\u001b[32m\"pointer-events: none;\"\u001b[39m\n\u001b[36m>\u001b[39m\n  \u001b[36m<span\u001b[39m\n    \u001b[33maria-hidden\u001b[39m=\u001b[32m\"true\"\u001b[39m\n    \u001b[33mdata-aria-hidden\u001b[39m=\u001b[32m\"true\"\u001b[39m\n    \u001b[33mdata-radix-focus-guard\u001b[39m=\u001b[32m\"\"\u001b[39m\n    \u001b[33mstyle\u001b[39m=\u001b[32m\"outline: none; opacity: 0; position: fixed; pointer-events: none;\"\u001b[39m\n    \u001b[33mtabindex\u001b[39m=\u001b[32m\"0\"\u001b[39m\n  \u001b[36m/>\u001b[39m\n  \u001b[36m<div\u001b[39m\n    \u001b[33maria-hidden\u001b[39m=\u001b[32m\"true\"\u001b[39m\n    \u001b[33mdata-aria-hidden\u001b[39m=\u001b[32m\"true\"\u001b[39m\n  \u001b[36m/>\u001b[39m\n  \u001b[36m<div\u001b[39m\n    \u001b[33maria-hidden\u001b[39m=\u001b[32m\"true\"\u001b[39m\n    \u001b[33mclass\u001b[39m=\u001b[32m\"fixed inset-0 z-50 bg-black/70 backdrop-blur-md transition-all duration-300 motion-reduce:transition-none motion-reduce:animate-none data-[state=open]:animate-in data-[state=closed]:animate-out data-[state=closed]:fade-out-0 data-[state=open]:fade-in-0\"\u001b[39m\n    \u001b[33mdata-aria-hidden\u001b[39m=\u001b[32m\"true\"\u001b[39m\n    \u001b[33mdata-state\u001b[39m=\u001b[32m\"open\"\u001b[39m\n    \u001b[33mstyle\u001b[39m=\u001b[32m\"pointer-events: auto;\"\u001b[39m\n  \u001b[36m/>\u001b[39m\n  \u001b[36m<div\u001b[39m\n    \u001b[33maria-describedby\u001b[39m=\u001b[32m\"radix-«r13»\"\u001b[39m\n    \u001b[33maria-labelledby\u001b[39m=\u001b[32m\"radix-«r12»\"\u001b[39m\n    \u001b[33mclass\u001b[39m=\u001b[32m\"fixed left-[50%] top-[50%] z-50 grid w-full translate-x-[-50%] translate-y-[-50%] gap-4 border-0 bg-background shadow-large duration-300 data-[state=open]:animate-in data-[state=closed]:animate-out data-[state=closed]:fade-out-0 data-[state=open]:fade-in-0 data-[state=closed]:zoom-out-95 data-[state=open]:zoom-in-95 data-[state=closed]:slide-out-to-left-1/2 data-[state=closed]:slide-out-to-top-[48%] data-[state=open]:slide-in-from-left-1/2 data-[state=open]:slide-in-from-top-[48%] sm:rounded-xl motion-reduce:animate-none max-w-[95vw] sm:max-w-4xl max-h-[85vh] sm:max-h-[90vh] overflow-auto nice-scrollbar p-4 sm:p-6\"\u001b[39m\n    \u001b[33mdata-state\u001b[39m=\u001b[32m\"open\"\u001b[39m\n    \u001b[33mid\u001b[39m=\u001b[32m\"radix-«r11»\"\u001b[39m\n    \u001b[33mrole\u001b[39m=\u001b[32m\"dialog\"\u001b[39m\n    \u001b[33mstyle\u001b[39m=\u001b[32m\"pointer-events: auto;\"\u001b[39m\n    \u001b[33mtabindex\u001b[39m=\u001b[32m\"-1\"\u001b[39m\n  \u001b[36m>\u001b[39m\n    \u001b[36m<div\u001b[39m\n      \u001b[33mclass\u001b[39m=\u001b[32m\"flex flex-col space-y-1.5 text-center sm:text-left pb-3\"\u001b[39m\n    \u001b[36m>\u001b[39m\n      \u001b[36m<div\u001b[39m\n        \u001b[33mclass\u001b[39m=\u001b[32m\"flex items-center justify-between gap-3\"\u001b[39m\n      \u001b[36m>\u001b[39m\n        \u001b[36m<div\u001b[39m\n          \u001b[33mclass\u001b[39m=\u001b[32m\"p-2 rounded-lg bg-primary/10\"\u001b[39m\n        \u001b[36m>\u001b[39m\n          \u001b[36m<svg\u001b[39m\n            \u001b[33mclass\u001b[39m=\u001b[32m\"lucide lucide-plus h-5 w-5 text-primary\"\u001b[39m\n            \u001b[33mfill\u001b[39m=\u001b[32m\"none\"\u001b[39m\n            \u001b[33mheight\u001b[39m=\u001b[32m\"24\"\u001b[39m\n            \u001b[33mstroke\u001b[39m=\u001b[32m\"currentColor\"\u001b[39m\n            \u001b[33mstroke-linecap\u001b[39m=\u001b[32m\"round\"\u001b[39m\n            \u001b[33mstroke-linejoin\u001b[39m=\u001b[32m\"round\"\u001b[39m\n            \u001b[33mstroke-width\u001b[39m=\u001b[32m\"2\"\u001b[39m\n            \u001b[33mviewBox\u001b[39m=\u001b[32m\"0 0 24 24\"\u001b[39m\n            \u001b[33mwidth\u001b[39m=\u001b[32m\"24\"\u001b[39m\n            \u001b[33mxmlns\u001b[39m=\u001b[32m\"http://www.w3.org/2000/svg\"\u001b[39m\n          \u001b[36m>\u001b[39m\n            \u001b[36m<path\u001b[39m\n              \u001b[33md\u001b[39m=\u001b[32m\"M5 12h14\"\u001b[39m\n            \u001b[36m/>\u001b[39m\n            \u001b[36m<path\u001b[39m\n              \u001b[33md\u001b[39m=\u001b[32m\"M12 5v14\"\u001b[39m\n            \u001b[36m/>\u001b[39m\n          \u001b[36m</svg>\u001b[39m\n        \u001b[36m</div>\u001b[39m\n        \u001b[36m<div>\u001b[39m\n          \u001b[36m<h2\u001b[39m\n            \u001b[33mclass\u001b[39m=\u001b[32m\"tracking-tight text-lg sm:text-xl font-semibold text-foreground\"\u001b[39m\n            \u001b[33mid\u001b[39m=\u001b[32m\"radix-«r12»\"\u001b[39m\n          \u001b[36m>\u001b[39m\n            \u001b[0mAdd New Goal\u001b[0m\n          \u001b[36m</h2>\u001b[39m\n          \u001b[36m<p\u001b[39m\n            \u001b[33mclass\u001b[39m=\u001b[32m\"text-sm text-muted-foreground mt-1\"\u001b[39m\n          \u001b[36m>\u001b[39m\n            \u001b[0mCreate a new performance goal for this appraisal\u001b[0m\n          \u001b[36m</p>\u001b[39m\n        \u001b[36m</div>\u001b[39m\n        \u001b[36m<div\u001b[39m\n          \u001b[33mclass\u001b[39m=\u001b[32m\"text-xs text-muted-foreground ml-auto\"\u001b[39m\n        \u001b[36m>\u001b[39m\n          \u001b[0mRemaining:\u001b[0m\n          \u001b[0m \u001b[0m\n          \u001b[36m<span\u001b[39m\n            \u001b[33mclass\u001b[39m=\u001b[32m\"font-medium\"\u001b[39m\n          \u001b[36m>\u001b[39m\n            \u001b[0m100\u001b[0m\n            \u001b[0m%\u001b[0m\n          \u001b[36m</span>\u001b[39m\n        \u001b[36m</div>\u001b[39m\n      \u001b[36m</div>\u001b[39m\n    \u001b[36m</div>\u001b[39m\n    \u001b[36m<form\u001b[39m\n      \u001b[33mclass\u001b[39m=\u001b[32m\"space-y-4\"\u001b[39m\n    \u001b[36m>\u001b[39m\n      \u001b[36m<div\u001b[39m\n        \u001b[33mclass\u001b[39m=\u001b[32m\"space-y-4\"\u001b[39m\n      \u001b[36m>\u001b[39m\n        \u001b[36m<div\u001b[39m\n          \u001b[33mclass\u001b[39m=\u001b[32m\"grid gap-4\"\u001b[39m\n        \u001b[36m>\u001b[39m\n          \u001b[36m<div\u001b[39m\n            \u001b[33mclass\u001b[39m=\u001b[32m\"space-y-2\"\u001b[39m\n          \u001b[36m>\u001b[39m\n            \u001b[36m<label\u001b[39m\n              \u001b[33mclass\u001b[39m=\u001b[32m\"peer-disabled:cursor-not-allowed peer-disabled:opacity-70 text-sm font-medium text-foreground flex items-center gap-2\"\u001b[39m\n              \u001b[33mfor\u001b[39m=\u001b[32m\"goal_title\"\u001b[39m\n            \u001b[36m>\u001b[39m\n              \u001b[36m<svg\u001b[39m\n                \u001b[33mclass\u001b[39m=\u001b[32m\"lucide lucide-target h-4 w-4 text-primary\"\u001b[39m\n                \u001b[33mfill\u001b[39m=\u001b[32m\"none\"\u001b[39m\n                \u001b[33mheight\u001b[39m=\u001b[32m\"24\"\u001b[39m\n                \u001b[33mstroke\u001b[39m=\u001b[32m\"currentColor\"\u001b[39m\n                \u001b[33mstroke-linecap\u001b[39m=\u001b[32m\"round\"\u001b[39m\n                \u001b[33mstroke-linejoin\u001b[39m=\u001b[32m\"round\"\u001b[39m\n                \u001b[33mstroke-width\u001b[39m=\u001b[32m\"2\"\u001b[39m\n                \u001b[33mviewBox\u001b[39m=\u001b[32m\"0 0 24 24\"\u001b[39m\n                \u001b[33mwidth\u001b[39m=\u001b[32m\"24\"\u001b[39m\n                \u001b[33mxmlns\u001b[39m=\u001b[32m\"http://www.w3.org/2000/svg\"\u001b[39m\n              \u001b[36m>\u001b[39m\n                \u001b[36m<circle\u001b[39m\n                  \u001b[33mcx\u001b[39m=\u001b[32m\"12\"\u001b[39m\n                  \u001b[33mcy\u001b[39m=\u001b[32m\"12\"\u001b[39m\n                  \u001b[33mr\u001b[39m=\u001b[32m\"10\"\u001b[39m\n                \u001b[36m/>\u001b[39m\n                \u001b[36m<circle\u001b[39m\n                  \u001b[33mcx\u001b[39m=\u001b[32m\"12\"\u001b[39m\n                  \u001b[33mcy\u001b[39m=\u001b[32m\"12\"\u001b[39m\n                  \u001b[33mr\u001b[39m=\u001b[32m\"6\"\u001b[39m\n                \u001b[36m/>\u001b[39m\n                \u001b[36m<circle\u001b[39m\n                  \u001b[33mcx\u001b[39m=\u001b[32m\"12\"\u001b[39m\n                  \u001b[33mcy\u001b[39m=\u001b[32m\"12\"\u001b[39m\n                  \u001b[33mr\u001b[39m=\u001b[32m\"2\"\u001b[39m\n                \u001b[36m/>\u001b[39m\n              \u001b[36m</svg>\u001b[39m\n              \u001b[0mGoal Title\u001b[0m\n            \u001b[36m</label>\u001b[39m\n            \u001b[36m<input\u001b[39m\n              \u001b[33mclass\u001b[39m=\u001b[32m\"flex w-full rounded-lg border-2 bg-background px-4 py-2 text-sm ring-offset-background file:border-0 file:bg-transparent file:text-sm file:font-medium placeholder:text-muted-foreground focus-visible:outline-none focus-visible:ring-2 focus-visible:ring-primary/50 focus-visible:ring-offset-2 focus-visible:border-primary disabled:cursor-not-allowed disabled:opacity-50 transition-all duration-300 hover:border-primary/50 hover:shadow-soft focus:shadow-medium motion-reduce:transition-none h-11 focus:ring-2 focus:ring-primary/20 border-border/50\"\u001b[39m\n              \u001b[33mid\u001b[39m=\u001b[32m\"goal_title\"\u001b[39m\n              \u001b[33mplaceholder\u001b[39m=\u001b[32m\"Enter a clear, specific goal title\"\u001b[39m\n              \u001b[33mrequired\u001b[39m=\u001b[32m\"\"\u001b[39m\n              \u001b[33mvalue\u001b[39m=\u001b[32m\"Minimal Goal\"\u001b[39m\n     ...\n    at Object.getElementError (C:\\AppBuilderProject\\Performance_Management_System_Shadcn\\frontend\\node_modules\\@testing-library\\dom\\dist\\config.js:37:19)\n    at C:\\AppBuilderProject\\Performance_Management_System_Shadcn\\frontend\\node_modules\\@testing-library\\dom\\dist\\query-helpers.js:76:38\n    at C:\\AppBuilderProject\\Performance_Management_System_Shadcn\\frontend\\node_modules\\@testing-library\\dom\\dist\\query-helpers.js:52:17\n    at C:\\AppBuilderProject\\Performance_Management_System_Shadcn\\frontend\\node_modules\\@testing-library\\dom\\dist\\query-helpers.js:95:19\n    at C:\\AppBuilderProject\\Performance_Management_System_Shadcn\\frontend\\src\\features\\goals\\__tests__\\GoalWeightageCategory.test.tsx:300:36\n    at file:///C:/AppBuilderProject/Performance_Management_System_Shadcn/frontend/node_modules/@vitest/runner/dist/chunk-hooks.js:752:20"
                    ],
                    "meta": {}
                },
                {
                    "ancestorTitles": [
                        "Goal Weightage and Category Assignment - Black Box Tests",
                        "TC-B01.2 - Boundary Values"
                    ],
                    "fullName": "Goal Weightage and Category Assignment - Black Box Tests TC-B01.2 - Boundary Values should accept maximum boundary value (100%)",
                    "status": "failed",
                    "title": "should accept maximum boundary value (100%)",
                    "duration": 5232.8429,
                    "failureMessages": [
                        "TestingLibraryElementError: Unable to find an element with the text: High. This could be because the text is broken up by multiple elements. In this case, you can provide a function for your text matcher to make your matcher more flexible.\n\nIgnored nodes: comments, script, style\n\u001b[36m<body\u001b[39m\n  \u001b[33mdata-scroll-locked\u001b[39m=\u001b[32m\"1\"\u001b[39m\n  \u001b[33mstyle\u001b[39m=\u001b[32m\"pointer-events: none;\"\u001b[39m\n\u001b[36m>\u001b[39m\n  \u001b[36m<span\u001b[39m\n    \u001b[33maria-hidden\u001b[39m=\u001b[32m\"true\"\u001b[39m\n    \u001b[33mdata-aria-hidden\u001b[39m=\u001b[32m\"true\"\u001b[39m\n    \u001b[33mdata-radix-focus-guard\u001b[39m=\u001b[32m\"\"\u001b[39m\n    \u001b[33mstyle\u001b[39m=\u001b[32m\"outline: none; opacity: 0; position: fixed; pointer-events: none;\"\u001b[39m\n    \u001b[33mtabindex\u001b[39m=\u001b[32m\"0\"\u001b[39m\n  \u001b[36m/>\u001b[39m\n  \u001b[36m<div\u001b[39m\n    \u001b[33maria-hidden\u001b[39m=\u001b[32m\"true\"\u001b[39m\n    \u001b[33mdata-aria-hidden\u001b[39m=\u001b[32m\"true\"\u001b[39m\n  \u001b[36m/>\u001b[39m\n  \u001b[36m<div\u001b[39m\n    \u001b[33maria-hidden\u001b[39m=\u001b[32m\"true\"\u001b[39m\n    \u001b[33mclass\u001b[39m=\u001b[32m\"fixed inset-0 z-50 bg-black/70 backdrop-blur-md transition-all duration-300 motion-reduce:transition-none motion-reduce:animate-none data-[state=open]:animate-in data-[state=closed]:animate-out data-[state=closed]:fade-out-0 data-[state=open]:fade-in-0\"\u001b[39m\n    \u001b[33mdata-aria-hidden\u001b[39m=\u001b[32m\"true\"\u001b[39m\n    \u001b[33mdata-state\u001b[39m=\u001b[32m\"open\"\u001b[39m\n    \u001b[33mstyle\u001b[39m=\u001b[32m\"pointer-events: auto;\"\u001b[39m\n  \u001b[36m/>\u001b[39m\n  \u001b[36m<div\u001b[39m\n    \u001b[33maria-describedby\u001b[39m=\u001b[32m\"radix-«r1e»\"\u001b[39m\n    \u001b[33maria-labelledby\u001b[39m=\u001b[32m\"radix-«r1d»\"\u001b[39m\n    \u001b[33mclass\u001b[39m=\u001b[32m\"fixed left-[50%] top-[50%] z-50 grid w-full translate-x-[-50%] translate-y-[-50%] gap-4 border-0 bg-background shadow-large duration-300 data-[state=open]:animate-in data-[state=closed]:animate-out data-[state=closed]:fade-out-0 data-[state=open]:fade-in-0 data-[state=closed]:zoom-out-95 data-[state=open]:zoom-in-95 data-[state=closed]:slide-out-to-left-1/2 data-[state=closed]:slide-out-to-top-[48%] data-[state=open]:slide-in-from-left-1/2 data-[state=open]:slide-in-from-top-[48%] sm:rounded-xl motion-reduce:animate-none max-w-[95vw] sm:max-w-4xl max-h-[85vh] sm:max-h-[90vh] overflow-auto nice-scrollbar p-4 sm:p-6\"\u001b[39m\n    \u001b[33mdata-state\u001b[39m=\u001b[32m\"open\"\u001b[39m\n    \u001b[33mid\u001b[39m=\u001b[32m\"radix-«r1c»\"\u001b[39m\n    \u001b[33mrole\u001b[39m=\u001b[32m\"dialog\"\u001b[39m\n    \u001b[33mstyle\u001b[39m=\u001b[32m\"pointer-events: auto;\"\u001b[39m\n    \u001b[33mtabindex\u001b[39m=\u001b[32m\"-1\"\u001b[39m\n  \u001b[36m>\u001b[39m\n    \u001b[36m<div\u001b[39m\n      \u001b[33mclass\u001b[39m=\u001b[32m\"flex flex-col space-y-1.5 text-center sm:text-left pb-3\"\u001b[39m\n    \u001b[36m>\u001b[39m\n      \u001b[36m<div\u001b[39m\n        \u001b[33mclass\u001b[39m=\u001b[32m\"flex items-center justify-between gap-3\"\u001b[39m\n      \u001b[36m>\u001b[39m\n        \u001b[36m<div\u001b[39m\n          \u001b[33mclass\u001b[39m=\u001b[32m\"p-2 rounded-lg bg-primary/10\"\u001b[39m\n        \u001b[36m>\u001b[39m\n          \u001b[36m<svg\u001b[39m\n            \u001b[33mclass\u001b[39m=\u001b[32m\"lucide lucide-plus h-5 w-5 text-primary\"\u001b[39m\n            \u001b[33mfill\u001b[39m=\u001b[32m\"none\"\u001b[39m\n            \u001b[33mheight\u001b[39m=\u001b[32m\"24\"\u001b[39m\n            \u001b[33mstroke\u001b[39m=\u001b[32m\"currentColor\"\u001b[39m\n            \u001b[33mstroke-linecap\u001b[39m=\u001b[32m\"round\"\u001b[39m\n            \u001b[33mstroke-linejoin\u001b[39m=\u001b[32m\"round\"\u001b[39m\n            \u001b[33mstroke-width\u001b[39m=\u001b[32m\"2\"\u001b[39m\n            \u001b[33mviewBox\u001b[39m=\u001b[32m\"0 0 24 24\"\u001b[39m\n            \u001b[33mwidth\u001b[39m=\u001b[32m\"24\"\u001b[39m\n            \u001b[33mxmlns\u001b[39m=\u001b[32m\"http://www.w3.org/2000/svg\"\u001b[39m\n          \u001b[36m>\u001b[39m\n            \u001b[36m<path\u001b[39m\n              \u001b[33md\u001b[39m=\u001b[32m\"M5 12h14\"\u001b[39m\n            \u001b[36m/>\u001b[39m\n            \u001b[36m<path\u001b[39m\n              \u001b[33md\u001b[39m=\u001b[32m\"M12 5v14\"\u001b[39m\n            \u001b[36m/>\u001b[39m\n          \u001b[36m</svg>\u001b[39m\n        \u001b[36m</div>\u001b[39m\n        \u001b[36m<div>\u001b[39m\n          \u001b[36m<h2\u001b[39m\n            \u001b[33mclass\u001b[39m=\u001b[32m\"tracking-tight text-lg sm:text-xl font-semibold text-foreground\"\u001b[39m\n            \u001b[33mid\u001b[39m=\u001b[32m\"radix-«r1d»\"\u001b[39m\n          \u001b[36m>\u001b[39m\n            \u001b[0mAdd New Goal\u001b[0m\n          \u001b[36m</h2>\u001b[39m\n          \u001b[36m<p\u001b[39m\n            \u001b[33mclass\u001b[39m=\u001b[32m\"text-sm text-muted-foreground mt-1\"\u001b[39m\n          \u001b[36m>\u001b[39m\n            \u001b[0mCreate a new performance goal for this appraisal\u001b[0m\n          \u001b[36m</p>\u001b[39m\n        \u001b[36m</div>\u001b[39m\n        \u001b[36m<div\u001b[39m\n          \u001b[33mclass\u001b[39m=\u001b[32m\"text-xs text-muted-foreground ml-auto\"\u001b[39m\n        \u001b[36m>\u001b[39m\n          \u001b[0mRemaining:\u001b[0m\n          \u001b[0m \u001b[0m\n          \u001b[36m<span\u001b[39m\n            \u001b[33mclass\u001b[39m=\u001b[32m\"font-medium\"\u001b[39m\n          \u001b[36m>\u001b[39m\n            \u001b[0m100\u001b[0m\n            \u001b[0m%\u001b[0m\n          \u001b[36m</span>\u001b[39m\n        \u001b[36m</div>\u001b[39m\n      \u001b[36m</div>\u001b[39m\n    \u001b[36m</div>\u001b[39m\n    \u001b[36m<form\u001b[39m\n      \u001b[33mclass\u001b[39m=\u001b[32m\"space-y-4\"\u001b[39m\n    \u001b[36m>\u001b[39m\n      \u001b[36m<div\u001b[39m\n        \u001b[33mclass\u001b[39m=\u001b[32m\"space-y-4\"\u001b[39m\n      \u001b[36m>\u001b[39m\n        \u001b[36m<div\u001b[39m\n          \u001b[33mclass\u001b[39m=\u001b[32m\"grid gap-4\"\u001b[39m\n        \u001b[36m>\u001b[39m\n          \u001b[36m<div\u001b[39m\n            \u001b[33mclass\u001b[39m=\u001b[32m\"space-y-2\"\u001b[39m\n          \u001b[36m>\u001b[39m\n            \u001b[36m<label\u001b[39m\n              \u001b[33mclass\u001b[39m=\u001b[32m\"peer-disabled:cursor-not-allowed peer-disabled:opacity-70 text-sm font-medium text-foreground flex items-center gap-2\"\u001b[39m\n              \u001b[33mfor\u001b[39m=\u001b[32m\"goal_title\"\u001b[39m\n            \u001b[36m>\u001b[39m\n              \u001b[36m<svg\u001b[39m\n                \u001b[33mclass\u001b[39m=\u001b[32m\"lucide lucide-target h-4 w-4 text-primary\"\u001b[39m\n                \u001b[33mfill\u001b[39m=\u001b[32m\"none\"\u001b[39m\n                \u001b[33mheight\u001b[39m=\u001b[32m\"24\"\u001b[39m\n                \u001b[33mstroke\u001b[39m=\u001b[32m\"currentColor\"\u001b[39m\n                \u001b[33mstroke-linecap\u001b[39m=\u001b[32m\"round\"\u001b[39m\n                \u001b[33mstroke-linejoin\u001b[39m=\u001b[32m\"round\"\u001b[39m\n                \u001b[33mstroke-width\u001b[39m=\u001b[32m\"2\"\u001b[39m\n                \u001b[33mviewBox\u001b[39m=\u001b[32m\"0 0 24 24\"\u001b[39m\n                \u001b[33mwidth\u001b[39m=\u001b[32m\"24\"\u001b[39m\n                \u001b[33mxmlns\u001b[39m=\u001b[32m\"http://www.w3.org/2000/svg\"\u001b[39m\n              \u001b[36m>\u001b[39m\n                \u001b[36m<circle\u001b[39m\n                  \u001b[33mcx\u001b[39m=\u001b[32m\"12\"\u001b[39m\n                  \u001b[33mcy\u001b[39m=\u001b[32m\"12\"\u001b[39m\n                  \u001b[33mr\u001b[39m=\u001b[32m\"10\"\u001b[39m\n                \u001b[36m/>\u001b[39m\n                \u001b[36m<circle\u001b[39m\n                  \u001b[33mcx\u001b[39m=\u001b[32m\"12\"\u001b[39m\n                  \u001b[33mcy\u001b[39m=\u001b[32m\"12\"\u001b[39m\n                  \u001b[33mr\u001b[39m=\u001b[32m\"6\"\u001b[39m\n                \u001b[36m/>\u001b[39m\n                \u001b[36m<circle\u001b[39m\n                  \u001b[33mcx\u001b[39m=\u001b[32m\"12\"\u001b[39m\n                  \u001b[33mcy\u001b[39m=\u001b[32m\"12\"\u001b[39m\n                  \u001b[33mr\u001b[39m=\u001b[32m\"2\"\u001b[39m\n                \u001b[36m/>\u001b[39m\n              \u001b[36m</svg>\u001b[39m\n              \u001b[0mGoal Title\u001b[0m\n            \u001b[36m</label>\u001b[39m\n            \u001b[36m<input\u001b[39m\n              \u001b[33mclass\u001b[39m=\u001b[32m\"flex w-full rounded-lg border-2 bg-background px-4 py-2 text-sm ring-offset-background file:border-0 file:bg-transparent file:text-sm file:font-medium placeholder:text-muted-foreground focus-visible:outline-none focus-visible:ring-2 focus-visible:ring-primary/50 focus-visible:ring-offset-2 focus-visible:border-primary disabled:cursor-not-allowed disabled:opacity-50 transition-all duration-300 hover:border-primary/50 hover:shadow-soft focus:shadow-medium motion-reduce:transition-none h-11 focus:ring-2 focus:ring-primary/20 border-border/50\"\u001b[39m\n              \u001b[33mid\u001b[39m=\u001b[32m\"goal_title\"\u001b[39m\n              \u001b[33mplaceholder\u001b[39m=\u001b[32m\"Enter a clear, specific goal title\"\u001b[39m\n              \u001b[33mrequired\u001b[39m=\u001b[32m\"\"\u001b[39m\n              \u001b[33mvalue\u001b[39m=\u001b[32m\"Complete Accountability ...\n    at Object.getElementError (C:\\AppBuilderProject\\Performance_Management_System_Shadcn\\frontend\\node_modules\\@testing-library\\dom\\dist\\config.js:37:19)\n    at C:\\AppBuilderProject\\Performance_Management_System_Shadcn\\frontend\\node_modules\\@testing-library\\dom\\dist\\query-helpers.js:76:38\n    at C:\\AppBuilderProject\\Performance_Management_System_Shadcn\\frontend\\node_modules\\@testing-library\\dom\\dist\\query-helpers.js:52:17\n    at C:\\AppBuilderProject\\Performance_Management_System_Shadcn\\frontend\\node_modules\\@testing-library\\dom\\dist\\query-helpers.js:95:19\n    at C:\\AppBuilderProject\\Performance_Management_System_Shadcn\\frontend\\src\\features\\goals\\__tests__\\GoalWeightageCategory.test.tsx:358:36\n    at file:///C:/AppBuilderProject/Performance_Management_System_Shadcn/frontend/node_modules/@vitest/runner/dist/chunk-hooks.js:752:20"
                    ],
                    "meta": {}
                },
                {
                    "ancestorTitles": [
                        "Goal Weightage and Category Assignment - Black Box Tests",
                        "TC-B01.2-N1 - Upper Boundary Exceeded"
                    ],
                    "fullName": "Goal Weightage and Category Assignment - Black Box Tests TC-B01.2-N1 - Upper Boundary Exceeded should reject weightage of 101",
                    "status": "failed",
                    "title": "should reject weightage of 101",
                    "duration": 4817.150600000001,
                    "failureMessages": [
                        "TestingLibraryElementError: Unable to find an element with the text: Medium. This could be because the text is broken up by multiple elements. In this case, you can provide a function for your text matcher to make your matcher more flexible.\n\nIgnored nodes: comments, script, style\n\u001b[36m<body\u001b[39m\n  \u001b[33mdata-scroll-locked\u001b[39m=\u001b[32m\"1\"\u001b[39m\n  \u001b[33mstyle\u001b[39m=\u001b[32m\"pointer-events: none;\"\u001b[39m\n\u001b[36m>\u001b[39m\n  \u001b[36m<span\u001b[39m\n    \u001b[33maria-hidden\u001b[39m=\u001b[32m\"true\"\u001b[39m\n    \u001b[33mdata-aria-hidden\u001b[39m=\u001b[32m\"true\"\u001b[39m\n    \u001b[33mdata-radix-focus-guard\u001b[39m=\u001b[32m\"\"\u001b[39m\n    \u001b[33mstyle\u001b[39m=\u001b[32m\"outline: none; opacity: 0; position: fixed; pointer-events: none;\"\u001b[39m\n    \u001b[33mtabindex\u001b[39m=\u001b[32m\"0\"\u001b[39m\n  \u001b[36m/>\u001b[39m\n  \u001b[36m<div\u001b[39m\n    \u001b[33maria-hidden\u001b[39m=\u001b[32m\"true\"\u001b[39m\n    \u001b[33mdata-aria-hidden\u001b[39m=\u001b[32m\"true\"\u001b[39m\n  \u001b[36m/>\u001b[39m\n  \u001b[36m<div\u001b[39m\n    \u001b[33maria-hidden\u001b[39m=\u001b[32m\"true\"\u001b[39m\n    \u001b[33mclass\u001b[39m=\u001b[32m\"fixed inset-0 z-50 bg-black/70 backdrop-blur-md transition-all duration-300 motion-reduce:transition-none motion-reduce:animate-none data-[state=open]:animate-in data-[state=closed]:animate-out data-[state=closed]:fade-out-0 data-[state=open]:fade-in-0\"\u001b[39m\n    \u001b[33mdata-aria-hidden\u001b[39m=\u001b[32m\"true\"\u001b[39m\n    \u001b[33mdata-state\u001b[39m=\u001b[32m\"open\"\u001b[39m\n    \u001b[33mstyle\u001b[39m=\u001b[32m\"pointer-events: auto;\"\u001b[39m\n  \u001b[36m/>\u001b[39m\n  \u001b[36m<div\u001b[39m\n    \u001b[33maria-describedby\u001b[39m=\u001b[32m\"radix-«r1p»\"\u001b[39m\n    \u001b[33maria-labelledby\u001b[39m=\u001b[32m\"radix-«r1o»\"\u001b[39m\n    \u001b[33mclass\u001b[39m=\u001b[32m\"fixed left-[50%] top-[50%] z-50 grid w-full translate-x-[-50%] translate-y-[-50%] gap-4 border-0 bg-background shadow-large duration-300 data-[state=open]:animate-in data-[state=closed]:animate-out data-[state=closed]:fade-out-0 data-[state=open]:fade-in-0 data-[state=closed]:zoom-out-95 data-[state=open]:zoom-in-95 data-[state=closed]:slide-out-to-left-1/2 data-[state=closed]:slide-out-to-top-[48%] data-[state=open]:slide-in-from-left-1/2 data-[state=open]:slide-in-from-top-[48%] sm:rounded-xl motion-reduce:animate-none max-w-[95vw] sm:max-w-4xl max-h-[85vh] sm:max-h-[90vh] overflow-auto nice-scrollbar p-4 sm:p-6\"\u001b[39m\n    \u001b[33mdata-state\u001b[39m=\u001b[32m\"open\"\u001b[39m\n    \u001b[33mid\u001b[39m=\u001b[32m\"radix-«r1n»\"\u001b[39m\n    \u001b[33mrole\u001b[39m=\u001b[32m\"dialog\"\u001b[39m\n    \u001b[33mstyle\u001b[39m=\u001b[32m\"pointer-events: auto;\"\u001b[39m\n    \u001b[33mtabindex\u001b[39m=\u001b[32m\"-1\"\u001b[39m\n  \u001b[36m>\u001b[39m\n    \u001b[36m<div\u001b[39m\n      \u001b[33mclass\u001b[39m=\u001b[32m\"flex flex-col space-y-1.5 text-center sm:text-left pb-3\"\u001b[39m\n    \u001b[36m>\u001b[39m\n      \u001b[36m<div\u001b[39m\n        \u001b[33mclass\u001b[39m=\u001b[32m\"flex items-center justify-between gap-3\"\u001b[39m\n      \u001b[36m>\u001b[39m\n        \u001b[36m<div\u001b[39m\n          \u001b[33mclass\u001b[39m=\u001b[32m\"p-2 rounded-lg bg-primary/10\"\u001b[39m\n        \u001b[36m>\u001b[39m\n          \u001b[36m<svg\u001b[39m\n            \u001b[33mclass\u001b[39m=\u001b[32m\"lucide lucide-plus h-5 w-5 text-primary\"\u001b[39m\n            \u001b[33mfill\u001b[39m=\u001b[32m\"none\"\u001b[39m\n            \u001b[33mheight\u001b[39m=\u001b[32m\"24\"\u001b[39m\n            \u001b[33mstroke\u001b[39m=\u001b[32m\"currentColor\"\u001b[39m\n            \u001b[33mstroke-linecap\u001b[39m=\u001b[32m\"round\"\u001b[39m\n            \u001b[33mstroke-linejoin\u001b[39m=\u001b[32m\"round\"\u001b[39m\n            \u001b[33mstroke-width\u001b[39m=\u001b[32m\"2\"\u001b[39m\n            \u001b[33mviewBox\u001b[39m=\u001b[32m\"0 0 24 24\"\u001b[39m\n            \u001b[33mwidth\u001b[39m=\u001b[32m\"24\"\u001b[39m\n            \u001b[33mxmlns\u001b[39m=\u001b[32m\"http://www.w3.org/2000/svg\"\u001b[39m\n          \u001b[36m>\u001b[39m\n            \u001b[36m<path\u001b[39m\n              \u001b[33md\u001b[39m=\u001b[32m\"M5 12h14\"\u001b[39m\n            \u001b[36m/>\u001b[39m\n            \u001b[36m<path\u001b[39m\n              \u001b[33md\u001b[39m=\u001b[32m\"M12 5v14\"\u001b[39m\n            \u001b[36m/>\u001b[39m\n          \u001b[36m</svg>\u001b[39m\n        \u001b[36m</div>\u001b[39m\n        \u001b[36m<div>\u001b[39m\n          \u001b[36m<h2\u001b[39m\n            \u001b[33mclass\u001b[39m=\u001b[32m\"tracking-tight text-lg sm:text-xl font-semibold text-foreground\"\u001b[39m\n            \u001b[33mid\u001b[39m=\u001b[32m\"radix-«r1o»\"\u001b[39m\n          \u001b[36m>\u001b[39m\n            \u001b[0mAdd New Goal\u001b[0m\n          \u001b[36m</h2>\u001b[39m\n          \u001b[36m<p\u001b[39m\n            \u001b[33mclass\u001b[39m=\u001b[32m\"text-sm text-muted-foreground mt-1\"\u001b[39m\n          \u001b[36m>\u001b[39m\n            \u001b[0mCreate a new performance goal for this appraisal\u001b[0m\n          \u001b[36m</p>\u001b[39m\n        \u001b[36m</div>\u001b[39m\n        \u001b[36m<div\u001b[39m\n          \u001b[33mclass\u001b[39m=\u001b[32m\"text-xs text-muted-foreground ml-auto\"\u001b[39m\n        \u001b[36m>\u001b[39m\n          \u001b[0mRemaining:\u001b[0m\n          \u001b[0m \u001b[0m\n          \u001b[36m<span\u001b[39m\n            \u001b[33mclass\u001b[39m=\u001b[32m\"font-medium\"\u001b[39m\n          \u001b[36m>\u001b[39m\n            \u001b[0m100\u001b[0m\n            \u001b[0m%\u001b[0m\n          \u001b[36m</span>\u001b[39m\n        \u001b[36m</div>\u001b[39m\n      \u001b[36m</div>\u001b[39m\n    \u001b[36m</div>\u001b[39m\n    \u001b[36m<form\u001b[39m\n      \u001b[33mclass\u001b[39m=\u001b[32m\"space-y-4\"\u001b[39m\n    \u001b[36m>\u001b[39m\n      \u001b[36m<div\u001b[39m\n        \u001b[33mclass\u001b[39m=\u001b[32m\"space-y-4\"\u001b[39m\n      \u001b[36m>\u001b[39m\n        \u001b[36m<div\u001b[39m\n          \u001b[33mclass\u001b[39m=\u001b[32m\"grid gap-4\"\u001b[39m\n        \u001b[36m>\u001b[39m\n          \u001b[36m<div\u001b[39m\n            \u001b[33mclass\u001b[39m=\u001b[32m\"space-y-2\"\u001b[39m\n          \u001b[36m>\u001b[39m\n            \u001b[36m<label\u001b[39m\n              \u001b[33mclass\u001b[39m=\u001b[32m\"peer-disabled:cursor-not-allowed peer-disabled:opacity-70 text-sm font-medium text-foreground flex items-center gap-2\"\u001b[39m\n              \u001b[33mfor\u001b[39m=\u001b[32m\"goal_title\"\u001b[39m\n            \u001b[36m>\u001b[39m\n              \u001b[36m<svg\u001b[39m\n                \u001b[33mclass\u001b[39m=\u001b[32m\"lucide lucide-target h-4 w-4 text-primary\"\u001b[39m\n                \u001b[33mfill\u001b[39m=\u001b[32m\"none\"\u001b[39m\n                \u001b[33mheight\u001b[39m=\u001b[32m\"24\"\u001b[39m\n                \u001b[33mstroke\u001b[39m=\u001b[32m\"currentColor\"\u001b[39m\n                \u001b[33mstroke-linecap\u001b[39m=\u001b[32m\"round\"\u001b[39m\n                \u001b[33mstroke-linejoin\u001b[39m=\u001b[32m\"round\"\u001b[39m\n                \u001b[33mstroke-width\u001b[39m=\u001b[32m\"2\"\u001b[39m\n                \u001b[33mviewBox\u001b[39m=\u001b[32m\"0 0 24 24\"\u001b[39m\n                \u001b[33mwidth\u001b[39m=\u001b[32m\"24\"\u001b[39m\n                \u001b[33mxmlns\u001b[39m=\u001b[32m\"http://www.w3.org/2000/svg\"\u001b[39m\n              \u001b[36m>\u001b[39m\n                \u001b[36m<circle\u001b[39m\n                  \u001b[33mcx\u001b[39m=\u001b[32m\"12\"\u001b[39m\n                  \u001b[33mcy\u001b[39m=\u001b[32m\"12\"\u001b[39m\n                  \u001b[33mr\u001b[39m=\u001b[32m\"10\"\u001b[39m\n                \u001b[36m/>\u001b[39m\n                \u001b[36m<circle\u001b[39m\n                  \u001b[33mcx\u001b[39m=\u001b[32m\"12\"\u001b[39m\n                  \u001b[33mcy\u001b[39m=\u001b[32m\"12\"\u001b[39m\n                  \u001b[33mr\u001b[39m=\u001b[32m\"6\"\u001b[39m\n                \u001b[36m/>\u001b[39m\n                \u001b[36m<circle\u001b[39m\n                  \u001b[33mcx\u001b[39m=\u001b[32m\"12\"\u001b[39m\n                  \u001b[33mcy\u001b[39m=\u001b[32m\"12\"\u001b[39m\n                  \u001b[33mr\u001b[39m=\u001b[32m\"2\"\u001b[39m\n                \u001b[36m/>\u001b[39m\n              \u001b[36m</svg>\u001b[39m\n              \u001b[0mGoal Title\u001b[0m\n            \u001b[36m</label>\u001b[39m\n            \u001b[36m<input\u001b[39m\n              \u001b[33mclass\u001b[39m=\u001b[32m\"flex w-full rounded-lg border-2 bg-background px-4 py-2 text-sm ring-offset-background file:border-0 file:bg-transparent file:text-sm file:font-medium placeholder:text-muted-foreground focus-visible:outline-none focus-visible:ring-2 focus-visible:ring-primary/50 focus-visible:ring-offset-2 focus-visible:border-primary disabled:cursor-not-allowed disabled:opacity-50 transition-all duration-300 hover:border-primary/50 hover:shadow-soft focus:shadow-medium motion-reduce:transition-none h-11 focus:ring-2 focus:ring-primary/20 border-border/50\"\u001b[39m\n              \u001b[33mid\u001b[39m=\u001b[32m\"goal_title\"\u001b[39m\n              \u001b[33mplaceholder\u001b[39m=\u001b[32m\"Enter a clear, specific goal title\"\u001b[39m\n              \u001b[33mrequired\u001b[39m=\u001b[32m\"\"\u001b[39m\n              \u001b[33mvalue\u001b[39m=\u001b[32m\"Exceeding Maximum\"\u001b[39m\n...\n    at Object.getElementError (C:\\AppBuilderProject\\Performance_Management_System_Shadcn\\frontend\\node_modules\\@testing-library\\dom\\dist\\config.js:37:19)\n    at C:\\AppBuilderProject\\Performance_Management_System_Shadcn\\frontend\\node_modules\\@testing-library\\dom\\dist\\query-helpers.js:76:38\n    at C:\\AppBuilderProject\\Performance_Management_System_Shadcn\\frontend\\node_modules\\@testing-library\\dom\\dist\\query-helpers.js:52:17\n    at C:\\AppBuilderProject\\Performance_Management_System_Shadcn\\frontend\\node_modules\\@testing-library\\dom\\dist\\query-helpers.js:95:19\n    at C:\\AppBuilderProject\\Performance_Management_System_Shadcn\\frontend\\src\\features\\goals\\__tests__\\GoalWeightageCategory.test.tsx:433:36\n    at file:///C:/AppBuilderProject/Performance_Management_System_Shadcn/frontend/node_modules/@vitest/runner/dist/chunk-hooks.js:752:20"
                    ],
                    "meta": {}
                },
                {
                    "ancestorTitles": [
                        "Goal Weightage and Category Assignment - Black Box Tests",
                        "TC-B01.3 - Valid Category Assignment"
                    ],
                    "fullName": "Goal Weightage and Category Assignment - Black Box Tests TC-B01.3 - Valid Category Assignment should assign goal to existing category successfully",
                    "status": "failed",
                    "title": "should assign goal to existing category successfully",
                    "duration": 3793.6592999999993,
                    "failureMessages": [
                        "TestingLibraryElementError: Unable to find an element with the text: High. This could be because the text is broken up by multiple elements. In this case, you can provide a function for your text matcher to make your matcher more flexible.\n\nIgnored nodes: comments, script, style\n\u001b[36m<body\u001b[39m\n  \u001b[33mdata-scroll-locked\u001b[39m=\u001b[32m\"1\"\u001b[39m\n  \u001b[33mstyle\u001b[39m=\u001b[32m\"pointer-events: none;\"\u001b[39m\n\u001b[36m>\u001b[39m\n  \u001b[36m<span\u001b[39m\n    \u001b[33maria-hidden\u001b[39m=\u001b[32m\"true\"\u001b[39m\n    \u001b[33mdata-aria-hidden\u001b[39m=\u001b[32m\"true\"\u001b[39m\n    \u001b[33mdata-radix-focus-guard\u001b[39m=\u001b[32m\"\"\u001b[39m\n    \u001b[33mstyle\u001b[39m=\u001b[32m\"outline: none; opacity: 0; position: fixed; pointer-events: none;\"\u001b[39m\n    \u001b[33mtabindex\u001b[39m=\u001b[32m\"0\"\u001b[39m\n  \u001b[36m/>\u001b[39m\n  \u001b[36m<div\u001b[39m\n    \u001b[33maria-hidden\u001b[39m=\u001b[32m\"true\"\u001b[39m\n    \u001b[33mdata-aria-hidden\u001b[39m=\u001b[32m\"true\"\u001b[39m\n  \u001b[36m/>\u001b[39m\n  \u001b[36m<div\u001b[39m\n    \u001b[33maria-hidden\u001b[39m=\u001b[32m\"true\"\u001b[39m\n    \u001b[33mclass\u001b[39m=\u001b[32m\"fixed inset-0 z-50 bg-black/70 backdrop-blur-md transition-all duration-300 motion-reduce:transition-none motion-reduce:animate-none data-[state=open]:animate-in data-[state=closed]:animate-out data-[state=closed]:fade-out-0 data-[state=open]:fade-in-0\"\u001b[39m\n    \u001b[33mdata-aria-hidden\u001b[39m=\u001b[32m\"true\"\u001b[39m\n    \u001b[33mdata-state\u001b[39m=\u001b[32m\"open\"\u001b[39m\n    \u001b[33mstyle\u001b[39m=\u001b[32m\"pointer-events: auto;\"\u001b[39m\n  \u001b[36m/>\u001b[39m\n  \u001b[36m<div\u001b[39m\n    \u001b[33maria-describedby\u001b[39m=\u001b[32m\"radix-«r24»\"\u001b[39m\n    \u001b[33maria-labelledby\u001b[39m=\u001b[32m\"radix-«r23»\"\u001b[39m\n    \u001b[33mclass\u001b[39m=\u001b[32m\"fixed left-[50%] top-[50%] z-50 grid w-full translate-x-[-50%] translate-y-[-50%] gap-4 border-0 bg-background shadow-large duration-300 data-[state=open]:animate-in data-[state=closed]:animate-out data-[state=closed]:fade-out-0 data-[state=open]:fade-in-0 data-[state=closed]:zoom-out-95 data-[state=open]:zoom-in-95 data-[state=closed]:slide-out-to-left-1/2 data-[state=closed]:slide-out-to-top-[48%] data-[state=open]:slide-in-from-left-1/2 data-[state=open]:slide-in-from-top-[48%] sm:rounded-xl motion-reduce:animate-none max-w-[95vw] sm:max-w-4xl max-h-[85vh] sm:max-h-[90vh] overflow-auto nice-scrollbar p-4 sm:p-6\"\u001b[39m\n    \u001b[33mdata-state\u001b[39m=\u001b[32m\"open\"\u001b[39m\n    \u001b[33mid\u001b[39m=\u001b[32m\"radix-«r22»\"\u001b[39m\n    \u001b[33mrole\u001b[39m=\u001b[32m\"dialog\"\u001b[39m\n    \u001b[33mstyle\u001b[39m=\u001b[32m\"pointer-events: auto;\"\u001b[39m\n    \u001b[33mtabindex\u001b[39m=\u001b[32m\"-1\"\u001b[39m\n  \u001b[36m>\u001b[39m\n    \u001b[36m<div\u001b[39m\n      \u001b[33mclass\u001b[39m=\u001b[32m\"flex flex-col space-y-1.5 text-center sm:text-left pb-3\"\u001b[39m\n    \u001b[36m>\u001b[39m\n      \u001b[36m<div\u001b[39m\n        \u001b[33mclass\u001b[39m=\u001b[32m\"flex items-center justify-between gap-3\"\u001b[39m\n      \u001b[36m>\u001b[39m\n        \u001b[36m<div\u001b[39m\n          \u001b[33mclass\u001b[39m=\u001b[32m\"p-2 rounded-lg bg-primary/10\"\u001b[39m\n        \u001b[36m>\u001b[39m\n          \u001b[36m<svg\u001b[39m\n            \u001b[33mclass\u001b[39m=\u001b[32m\"lucide lucide-plus h-5 w-5 text-primary\"\u001b[39m\n            \u001b[33mfill\u001b[39m=\u001b[32m\"none\"\u001b[39m\n            \u001b[33mheight\u001b[39m=\u001b[32m\"24\"\u001b[39m\n            \u001b[33mstroke\u001b[39m=\u001b[32m\"currentColor\"\u001b[39m\n            \u001b[33mstroke-linecap\u001b[39m=\u001b[32m\"round\"\u001b[39m\n            \u001b[33mstroke-linejoin\u001b[39m=\u001b[32m\"round\"\u001b[39m\n            \u001b[33mstroke-width\u001b[39m=\u001b[32m\"2\"\u001b[39m\n            \u001b[33mviewBox\u001b[39m=\u001b[32m\"0 0 24 24\"\u001b[39m\n            \u001b[33mwidth\u001b[39m=\u001b[32m\"24\"\u001b[39m\n            \u001b[33mxmlns\u001b[39m=\u001b[32m\"http://www.w3.org/2000/svg\"\u001b[39m\n          \u001b[36m>\u001b[39m\n            \u001b[36m<path\u001b[39m\n              \u001b[33md\u001b[39m=\u001b[32m\"M5 12h14\"\u001b[39m\n            \u001b[36m/>\u001b[39m\n            \u001b[36m<path\u001b[39m\n              \u001b[33md\u001b[39m=\u001b[32m\"M12 5v14\"\u001b[39m\n            \u001b[36m/>\u001b[39m\n          \u001b[36m</svg>\u001b[39m\n        \u001b[36m</div>\u001b[39m\n        \u001b[36m<div>\u001b[39m\n          \u001b[36m<h2\u001b[39m\n            \u001b[33mclass\u001b[39m=\u001b[32m\"tracking-tight text-lg sm:text-xl font-semibold text-foreground\"\u001b[39m\n            \u001b[33mid\u001b[39m=\u001b[32m\"radix-«r23»\"\u001b[39m\n          \u001b[36m>\u001b[39m\n            \u001b[0mAdd New Goal\u001b[0m\n          \u001b[36m</h2>\u001b[39m\n          \u001b[36m<p\u001b[39m\n            \u001b[33mclass\u001b[39m=\u001b[32m\"text-sm text-muted-foreground mt-1\"\u001b[39m\n          \u001b[36m>\u001b[39m\n            \u001b[0mCreate a new performance goal for this appraisal\u001b[0m\n          \u001b[36m</p>\u001b[39m\n        \u001b[36m</div>\u001b[39m\n        \u001b[36m<div\u001b[39m\n          \u001b[33mclass\u001b[39m=\u001b[32m\"text-xs text-muted-foreground ml-auto\"\u001b[39m\n        \u001b[36m>\u001b[39m\n          \u001b[0mRemaining:\u001b[0m\n          \u001b[0m \u001b[0m\n          \u001b[36m<span\u001b[39m\n            \u001b[33mclass\u001b[39m=\u001b[32m\"font-medium\"\u001b[39m\n          \u001b[36m>\u001b[39m\n            \u001b[0m100\u001b[0m\n            \u001b[0m%\u001b[0m\n          \u001b[36m</span>\u001b[39m\n        \u001b[36m</div>\u001b[39m\n      \u001b[36m</div>\u001b[39m\n    \u001b[36m</div>\u001b[39m\n    \u001b[36m<form\u001b[39m\n      \u001b[33mclass\u001b[39m=\u001b[32m\"space-y-4\"\u001b[39m\n    \u001b[36m>\u001b[39m\n      \u001b[36m<div\u001b[39m\n        \u001b[33mclass\u001b[39m=\u001b[32m\"space-y-4\"\u001b[39m\n      \u001b[36m>\u001b[39m\n        \u001b[36m<div\u001b[39m\n          \u001b[33mclass\u001b[39m=\u001b[32m\"grid gap-4\"\u001b[39m\n        \u001b[36m>\u001b[39m\n          \u001b[36m<div\u001b[39m\n            \u001b[33mclass\u001b[39m=\u001b[32m\"space-y-2\"\u001b[39m\n          \u001b[36m>\u001b[39m\n            \u001b[36m<label\u001b[39m\n              \u001b[33mclass\u001b[39m=\u001b[32m\"peer-disabled:cursor-not-allowed peer-disabled:opacity-70 text-sm font-medium text-foreground flex items-center gap-2\"\u001b[39m\n              \u001b[33mfor\u001b[39m=\u001b[32m\"goal_title\"\u001b[39m\n            \u001b[36m>\u001b[39m\n              \u001b[36m<svg\u001b[39m\n                \u001b[33mclass\u001b[39m=\u001b[32m\"lucide lucide-target h-4 w-4 text-primary\"\u001b[39m\n                \u001b[33mfill\u001b[39m=\u001b[32m\"none\"\u001b[39m\n                \u001b[33mheight\u001b[39m=\u001b[32m\"24\"\u001b[39m\n                \u001b[33mstroke\u001b[39m=\u001b[32m\"currentColor\"\u001b[39m\n                \u001b[33mstroke-linecap\u001b[39m=\u001b[32m\"round\"\u001b[39m\n                \u001b[33mstroke-linejoin\u001b[39m=\u001b[32m\"round\"\u001b[39m\n                \u001b[33mstroke-width\u001b[39m=\u001b[32m\"2\"\u001b[39m\n                \u001b[33mviewBox\u001b[39m=\u001b[32m\"0 0 24 24\"\u001b[39m\n                \u001b[33mwidth\u001b[39m=\u001b[32m\"24\"\u001b[39m\n                \u001b[33mxmlns\u001b[39m=\u001b[32m\"http://www.w3.org/2000/svg\"\u001b[39m\n              \u001b[36m>\u001b[39m\n                \u001b[36m<circle\u001b[39m\n                  \u001b[33mcx\u001b[39m=\u001b[32m\"12\"\u001b[39m\n                  \u001b[33mcy\u001b[39m=\u001b[32m\"12\"\u001b[39m\n                  \u001b[33mr\u001b[39m=\u001b[32m\"10\"\u001b[39m\n                \u001b[36m/>\u001b[39m\n                \u001b[36m<circle\u001b[39m\n                  \u001b[33mcx\u001b[39m=\u001b[32m\"12\"\u001b[39m\n                  \u001b[33mcy\u001b[39m=\u001b[32m\"12\"\u001b[39m\n                  \u001b[33mr\u001b[39m=\u001b[32m\"6\"\u001b[39m\n                \u001b[36m/>\u001b[39m\n                \u001b[36m<circle\u001b[39m\n                  \u001b[33mcx\u001b[39m=\u001b[32m\"12\"\u001b[39m\n                  \u001b[33mcy\u001b[39m=\u001b[32m\"12\"\u001b[39m\n                  \u001b[33mr\u001b[39m=\u001b[32m\"2\"\u001b[39m\n                \u001b[36m/>\u001b[39m\n              \u001b[36m</svg>\u001b[39m\n              \u001b[0mGoal Title\u001b[0m\n            \u001b[36m</label>\u001b[39m\n            \u001b[36m<input\u001b[39m\n              \u001b[33mclass\u001b[39m=\u001b[32m\"flex w-full rounded-lg border-2 bg-background px-4 py-2 text-sm ring-offset-background file:border-0 file:bg-transparent file:text-sm file:font-medium placeholder:text-muted-foreground focus-visible:outline-none focus-visible:ring-2 focus-visible:ring-primary/50 focus-visible:ring-offset-2 focus-visible:border-primary disabled:cursor-not-allowed disabled:opacity-50 transition-all duration-300 hover:border-primary/50 hover:shadow-soft focus:shadow-medium motion-reduce:transition-none h-11 focus:ring-2 focus:ring-primary/20 border-border/50\"\u001b[39m\n              \u001b[33mid\u001b[39m=\u001b[32m\"goal_title\"\u001b[39m\n              \u001b[33mplaceholder\u001b[39m=\u001b[32m\"Enter a clear, specific goal title\"\u001b[39m\n              \u001b[33mrequired\u001b[39m=\u001b[32m\"\"\u001b[39m\n              \u001b[33mvalue\u001b[39m=\u001b[32m\"Strategic Planning Excel...\n    at Object.getElementError (C:\\AppBuilderProject\\Performance_Management_System_Shadcn\\frontend\\node_modules\\@testing-library\\dom\\dist\\config.js:37:19)\n    at C:\\AppBuilderProject\\Performance_Management_System_Shadcn\\frontend\\node_modules\\@testing-library\\dom\\dist\\query-helpers.js:76:38\n    at C:\\AppBuilderProject\\Performance_Management_System_Shadcn\\frontend\\node_modules\\@testing-library\\dom\\dist\\query-helpers.js:52:17\n    at C:\\AppBuilderProject\\Performance_Management_System_Shadcn\\frontend\\node_modules\\@testing-library\\dom\\dist\\query-helpers.js:95:19\n    at C:\\AppBuilderProject\\Performance_Management_System_Shadcn\\frontend\\src\\features\\goals\\__tests__\\GoalWeightageCategory.test.tsx:488:36\n    at file:///C:/AppBuilderProject/Performance_Management_System_Shadcn/frontend/node_modules/@vitest/runner/dist/chunk-hooks.js:752:20"
                    ],
                    "meta": {}
                },
                {
                    "ancestorTitles": [
                        "Goal Weightage and Category Assignment - Black Box Tests",
                        "TC-B01.3-N1 - Non-existent Category"
                    ],
[...]
xt-muted-foreground mt-1\"\u001b[39m\n          \u001b[36m>\u001b[39m\n            \u001b[0mCreate a new performance goal for this appraisal\u001b[0m\n          \u001b[36m</p>\u001b[39m\n        \u001b[36m</div>\u001b[39m\n        \u001b[36m<div\u001b[39m\n          \u001b[33mclass\u001b[39m=\u001b[32m\"text-xs text-muted-foreground ml-auto\"\u001b[39m\n        \u001b[36m>\u001b[39m\n          \u001b[0mRemaining:\u001b[0m\n          \u001b[0m \u001b[0m\n          \u001b[36m<span\u001b[39m\n            \u001b[33mclass\u001b[39m=\u001b[32m\"font-medium\"\u001b[39m\n          \u001b[36m>\u001b[39m\n            \u001b[0m25\u001b[0m\n            \u001b[0m%\u001b[0m\n          \u001b[36m</span>\u001b[39m\n        \u001b[36m</div>\u001b[39m\n      \u001b[36m</div>\u001b[39m\n    \u001b[36m</div>\u001b[39m\n    \u001b[36m<form\u001b[39m\n      \u001b[33mclass\u001b[39m=\u001b[32m\"space-y-4\"\u001b[39m\n    \u001b[36m>\u001b[39m\n      \u001b[36m<div\u001b[39m\n        \u001b[33mclass\u001b[39m=\u001b[32m\"space-y-4\"\u001b[39m\n      \u001b[36m>\u001b[39m\n        \u001b[36m<div\u001b[39m\n          \u001b[33mclass\u001b[39m=\u001b[32m\"grid gap-4\"\u001b[39m\n        \u001b[36m>\u001b[39m\n          \u001b[36m<div\u001b[39m\n            \u001b[33mclass\u001b[39m=\u001b[32m\"space-y-2\"\u001b[39m\n          \u001b[36m>\u001b[39m\n            \u001b[36m<label\u001b[39m\n              \u001b[33mclass\u001b[39m=\u001b[32m\"peer-disabled:cursor-not-allowed peer-disabled:opacity-70 text-sm font-medium text-foreground flex items-center gap-2\"\u001b[39m\n              \u001b[33mfor\u001b[39m=\u001b[32m\"goal_title\"\u001b[39m\n            \u001b[36m>\u001b[39m\n              \u001b[36m<svg\u001b[39m\n                \u001b[33mclass\u001b[39m=\u001b[32m\"lucide lucide-target h-4 w-4 text-primary\"\u001b[39m\n                \u001b[33mfill\u001b[39m=\u001b[32m\"none\"\u001b[39m\n                \u001b[33mheight\u001b[39m=\u001b[32m\"24\"\u001b[39m\n                \u001b[33mstroke\u001b[39m=\u001b[32m\"currentColor\"\u001b[39m\n                \u001b[33mstroke-linecap\u001b[39m=\u001b[32m\"round\"\u001b[39m\n                \u001b[33mstroke-linejoin\u001b[39m=\u001b[32m\"round\"\u001b[39m\n                \u001b[33mstroke-width\u001b[39m=\u001b[32m\"2\"\u001b[39m\n                \u001b[33mviewBox\u001b[39m=\u001b[32m\"0 0 24 24\"\u001b[39m\n                \u001b[33mwidth\u001b[39m=\u001b[32m\"24\"\u001b[39m\n                \u001b[33mxmlns\u001b[39m=\u001b[32m\"http://www.w3.org/2000/svg\"\u001b[39m\n              \u001b[36m>\u001b[39m\n                \u001b[36m<circle\u001b[39m\n                  \u001b[33mcx\u001b[39m=\u001b[32m\"12\"\u001b[39m\n                  \u001b[33mcy\u001b[39m=\u001b[32m\"12\"\u001b[39m\n                  \u001b[33mr\u001b[39m=\u001b[32m\"10\"\u001b[39m\n                \u001b[36m/>\u001b[39m\n                \u001b[36m<circle\u001b[39m\n                  \u001b[33mcx\u001b[39m=\u001b[32m\"12\"\u001b[39m\n                  \u001b[33mcy\u001b[39m=\u001b[32m\"12\"\u001b[39m\n                  \u001b[33mr\u001b[39m=\u001b[32m\"6\"\u001b[39m\n                \u001b[36m/>\u001b[39m\n                \u001b[36m<circle\u001b[39m\n                  \u001b[33mcx\u001b[39m=\u001b[32m\"12\"\u001b[39m\n                  \u001b[33mcy\u001b[39m=\u001b[32m\"12\"\u001b[39m\n                  \u001b[33mr\u001b[39m=\u001b[32m\"2\"\u001b[39m\n                \u001b[36m/>\u001b[39m\n              \u001b[36m</svg>\u001b[39m\n              \u001b[0mGoal Title\u001b[0m\n            \u001b[36m</label>\u001b[39m\n            \u001b[36m<input\u001b[39m\n              \u001b[33mclass\u001b[39m=\u001b[32m\"flex w-full rounded-lg border-2 bg-background px-4 py-2 text-sm ring-offset-background file:border-0 file:bg-transparent file:text-sm file:font-medium placeholder:text-muted-foreground focus-visible:outline-none focus-visible:ring-2 focus-visible:ring-primary/50 focus-visible:ring-offset-2 focus-visible:border-primary disabled:cursor-not-allowed disabled:opacity-50 transition-all duration-300 hover:border-primary/50 hover:shadow-soft focus:shadow-medium motion-reduce:transition-none h-11 focus:ring-2 focus:ring-primary/20 border-border/50\"\u001b[39m\n              \u001b[33mid\u001b[39m=\u001b[32m\"goal_title\"\u001b[39m\n              \u001b[33mplaceholder\u001b[39m=\u001b[32m\"Enter a clear, specific goal title\"\u001b[39m\n              \u001b[33mrequired\u001b[39m=\u001b[32m\"\"\u001b[39m\n              \u001b[33mvalue\u001b[39m=\u001b[32m\"Exceeding Goal\"\u001b[39m\n    ...\n    at Object.getElementError (C:\\AppBuilderProject\\Performance_Management_System_Shadcn\\frontend\\node_modules\\@testing-library\\dom\\dist\\config.js:37:19)\n    at C:\\AppBuilderProject\\Performance_Management_System_Shadcn\\frontend\\node_modules\\@testing-library\\dom\\dist\\query-helpers.js:76:38\n    at C:\\AppBuilderProject\\Performance_Management_System_Shadcn\\frontend\\node_modules\\@testing-library\\dom\\dist\\query-helpers.js:52:17\n    at C:\\AppBuilderProject\\Performance_Management_System_Shadcn\\frontend\\node_modules\\@testing-library\\dom\\dist\\query-helpers.js:95:19\n    at C:\\AppBuilderProject\\Performance_Management_System_Shadcn\\frontend\\src\\features\\goals\\__tests__\\GoalWeightageCategory.test.tsx:651:36\n    at file:///C:/AppBuilderProject/Performance_Management_System_Shadcn/frontend/node_modules/@vitest/runner/dist/chunk-hooks.js:752:20"
                    ],
                    "meta": {}
                },
                {
                    "ancestorTitles": [
                        "Goal Weightage and Category Assignment - Black Box Tests",
                        "TC-B01.5 - Edit Goal Weightage"
                    ],
                    "fullName": "Goal Weightage and Category Assignment - Black Box Tests TC-B01.5 - Edit Goal Weightage should update goal weightage successfully",
                    "status": "passed",
                    "title": "should update goal weightage successfully",
                    "duration": 539.4651000000013,
                    "failureMessages": [],
                    "meta": {}
                },
                {
                    "ancestorTitles": [
                        "Goal Weightage and Category Assignment - Black Box Tests",
                        "TC-B01.5-N1 - Edit Goal Exceeding Remaining"
                    ],
                    "fullName": "Goal Weightage and Category Assignment - Black Box Tests TC-B01.5-N1 - Edit Goal Exceeding Remaining should reject edit when weightage exceeds remaining",
                    "status": "failed",
                    "title": "should reject edit when weightage exceeds remaining",
                    "duration": 1373.4342999999935,
                    "failureMessages": [
                        "AssertionError: expected \"spy\" to be called with arguments: [ 'Must be <= available 40%' ]\u001b[90m\n\nNumber of calls: \u001b[1m0\u001b[22m\n\u001b[39m\n\nIgnored nodes: comments, script, style\n\u001b[36m<html>\u001b[39m\n  \u001b[36m<head />\u001b[39m\n  \u001b[36m<body\u001b[39m\n    \u001b[33mdata-scroll-locked\u001b[39m=\u001b[32m\"1\"\u001b[39m\n    \u001b[33mstyle\u001b[39m=\u001b[32m\"pointer-events: none;\"\u001b[39m\n  \u001b[36m>\u001b[39m\n    \u001b[36m<span\u001b[39m\n      \u001b[33maria-hidden\u001b[39m=\u001b[32m\"true\"\u001b[39m\n      \u001b[33mdata-aria-hidden\u001b[39m=\u001b[32m\"true\"\u001b[39m\n      \u001b[33mdata-radix-focus-guard\u001b[39m=\u001b[32m\"\"\u001b[39m\n      \u001b[33mstyle\u001b[39m=\u001b[32m\"outline: none; opacity: 0; position: fixed; pointer-events: none;\"\u001b[39m\n      \u001b[33mtabindex\u001b[39m=\u001b[32m\"0\"\u001b[39m\n    \u001b[36m/>\u001b[39m\n    \u001b[36m<div\u001b[39m\n      \u001b[33maria-hidden\u001b[39m=\u001b[32m\"true\"\u001b[39m\n      \u001b[33mdata-aria-hidden\u001b[39m=\u001b[32m\"true\"\u001b[39m\n    \u001b[36m/>\u001b[39m\n    \u001b[36m<div\u001b[39m\n      \u001b[33maria-hidden\u001b[39m=\u001b[32m\"true\"\u001b[39m\n      \u001b[33mclass\u001b[39m=\u001b[32m\"fixed inset-0 z-50 bg-black/70 backdrop-blur-md transition-all duration-300 motion-reduce:transition-none motion-reduce:animate-none data-[state=open]:animate-in data-[state=closed]:animate-out data-[state=closed]:fade-out-0 data-[state=open]:fade-in-0\"\u001b[39m\n      \u001b[33mdata-aria-hidden\u001b[39m=\u001b[32m\"true\"\u001b[39m\n      \u001b[33mdata-state\u001b[39m=\u001b[32m\"open\"\u001b[39m\n      \u001b[33mstyle\u001b[39m=\u001b[32m\"pointer-events: auto;\"\u001b[39m\n    \u001b[36m/>\u001b[39m\n    \u001b[36m<div\u001b[39m\n      \u001b[33maria-describedby\u001b[39m=\u001b[32m\"radix-«r3r»\"\u001b[39m\n      \u001b[33maria-labelledby\u001b[39m=\u001b[32m\"radix-«r3q»\"\u001b[39m\n      \u001b[33mclass\u001b[39m=\u001b[32m\"fixed left-[50%] top-[50%] z-50 grid w-full translate-x-[-50%] translate-y-[-50%] gap-4 border-0 bg-background shadow-large duration-300 data-[state=open]:animate-in data-[state=closed]:animate-out data-[state=closed]:fade-out-0 data-[state=open]:fade-in-0 data-[state=closed]:zoom-out-95 data-[state=open]:zoom-in-95 data-[state=closed]:slide-out-to-left-1/2 data-[state=closed]:slide-out-to-top-[48%] data-[state=open]:slide-in-from-left-1/2 data-[state=open]:slide-in-from-top-[48%] sm:rounded-xl motion-reduce:animate-none max-w-[95vw] sm:max-w-4xl max-h-[85vh] sm:max-h-[90vh] overflow-auto nice-scrollbar p-4 sm:p-6\"\u001b[39m\n      \u001b[33mdata-state\u001b[39m=\u001b[32m\"open\"\u001b[39m\n      \u001b[33mid\u001b[39m=\u001b[32m\"radix-«r3p»\"\u001b[39m\n      \u001b[33mrole\u001b[39m=\u001b[32m\"dialog\"\u001b[39m\n      \u001b[33mstyle\u001b[39m=\u001b[32m\"pointer-events: auto;\"\u001b[39m\n      \u001b[33mtabindex\u001b[39m=\u001b[32m\"-1\"\u001b[39m\n    \u001b[36m>\u001b[39m\n      \u001b[36m<div\u001b[39m\n        \u001b[33mclass\u001b[39m=\u001b[32m\"flex flex-col space-y-1.5 text-center sm:text-left pb-3\"\u001b[39m\n      \u001b[36m>\u001b[39m\n        \u001b[36m<div\u001b[39m\n          \u001b[33mclass\u001b[39m=\u001b[32m\"flex items-center justify-between gap-3\"\u001b[39m\n        \u001b[36m>\u001b[39m\n          \u001b[36m<div\u001b[39m\n            \u001b[33mclass\u001b[39m=\u001b[32m\"p-2 rounded-lg bg-primary/10\"\u001b[39m\n          \u001b[36m>\u001b[39m\n            \u001b[36m<svg\u001b[39m\n              \u001b[33mclass\u001b[39m=\u001b[32m\"lucide lucide-pen-line h-5 w-5 text-primary\"\u001b[39m\n              \u001b[33mfill\u001b[39m=\u001b[32m\"none\"\u001b[39m\n              \u001b[33mheight\u001b[39m=\u001b[32m\"24\"\u001b[39m\n              \u001b[33mstroke\u001b[39m=\u001b[32m\"currentColor\"\u001b[39m\n              \u001b[33mstroke-linecap\u001b[39m=\u001b[32m\"round\"\u001b[39m\n              \u001b[33mstroke-linejoin\u001b[39m=\u001b[32m\"round\"\u001b[39m\n              \u001b[33mstroke-width\u001b[39m=\u001b[32m\"2\"\u001b[39m\n              \u001b[33mviewBox\u001b[39m=\u001b[32m\"0 0 24 24\"\u001b[39m\n              \u001b[33mwidth\u001b[39m=\u001b[32m\"24\"\u001b[39m\n              \u001b[33mxmlns\u001b[39m=\u001b[32m\"http://www.w3.org/2000/svg\"\u001b[39m\n            \u001b[36m>\u001b[39m\n              \u001b[36m<path\u001b[39m\n                \u001b[33md\u001b[39m=\u001b[32m\"M12 20h9\"\u001b[39m\n              \u001b[36m/>\u001b[39m\n              \u001b[36m<path\u001b[39m\n                \u001b[33md\u001b[39m=\u001b[32m\"M16.376 3.622a1 1 0 0 1 3.002 3.002L7.368 18.635a2 2 0 0 1-.855.506l-2.872.838a.5.5 0 0 1-.62-.62l.838-2.872a2 2 0 0 1 .506-.854z\"\u001b[39m\n              \u001b[36m/>\u001b[39m\n            \u001b[36m</svg>\u001b[39m\n          \u001b[36m</div>\u001b[39m\n          \u001b[36m<div>\u001b[39m\n            \u001b[36m<h2\u001b[39m\n              \u001b[33mclass\u001b[39m=\u001b[32m\"tracking-tight text-lg sm:text-xl font-semibold text-foreground\"\u001b[39m\n              \u001b[33mid\u001b[39m=\u001b[32m\"radix-«r3q»\"\u001b[39m\n            \u001b[36m>\u001b[39m\n              \u001b[0mEdit Goal\u001b[0m\n            \u001b[36m</h2>\u001b[39m\n            \u001b[36m<p\u001b[39m\n              \u001b[33mclass\u001b[39m=\u001b[32m\"text-sm text-muted-foreground mt-1\"\u001b[39m\n            \u001b[36m>\u001b[39m\n              \u001b[0mUpdate the performance goal details\u001b[0m\n            \u001b[36m</p>\u001b[39m\n          \u001b[36m</div>\u001b[39m\n          \u001b[36m<div\u001b[39m\n            \u001b[33mclass\u001b[39m=\u001b[32m\"text-xs text-muted-foreground ml-auto\"\u001b[39m\n          \u001b[36m>\u001b[39m\n            \u001b[0mRemaining: \u001b[0m\n            \u001b[36m<span\u001b[39m\n              \u001b[33mclass\u001b[39m=\u001b[32m\"font-medium\"\u001b[39m\n            \u001b[36m>\u001b[39m\n              \u001b[0m40\u001b[0m\n              \u001b[0m%\u001b[0m\n            \u001b[36m</span>\u001b[39m\n          \u001b[36m</div>\u001b[39m\n        \u001b[36m</div>\u001b[39m\n      \u001b[36m</div>\u001b[39m\n      \u001b[36m<form\u001b[39m\n        \u001b[33mclass\u001b[39m=\u001b[32m\"space-y-4\"\u001b[39m\n      \u001b[36m>\u001b[39m\n        \u001b[36m<div\u001b[39m\n          \u001b[33mclass\u001b[39m=\u001b[32m\"space-y-4\"\u001b[39m\n        \u001b[36m>\u001b[39m\n          \u001b[36m<div\u001b[39m\n            \u001b[33mclass\u001b[39m=\u001b[32m\"grid gap-4\"\u001b[39m\n          \u001b[36m>\u001b[39m\n            \u001b[36m<div\u001b[39m\n              \u001b[33mclass\u001b[39m=\u001b[32m\"space-y-2\"\u001b[39m\n            \u001b[36m>\u001b[39m\n              \u001b[36m<label\u001b[39m\n                \u001b[33mclass\u001b[39m=\u001b[32m\"peer-disabled:cursor-not-allowed peer-disabled:opacity-70 text-sm font-medium text-foreground flex items-center gap-2\"\u001b[39m\n                \u001b[33mfor\u001b[39m=\u001b[32m\"goal_title\"\u001b[39m\n              \u001b[36m>\u001b[39m\n                \u001b[36m<svg\u001b[39m\n                  \u001b[33mclass\u001b[39m=\u001b[32m\"lucide lucide-target h-4 w-4 text-primary\"\u001b[39m\n                  \u001b[33mfill\u001b[39m=\u001b[32m\"none\"\u001b[39m\n                  \u001b[33mheight\u001b[39m=\u001b[32m\"24\"\u001b[39m\n                  \u001b[33mstroke\u001b[39m=\u001b[32m\"currentColor\"\u001b[39m\n                  \u001b[33mstroke-linecap\u001b[39m=\u001b[32m\"round\"\u001b[39m\n                  \u001b[33mstroke-linejoin\u001b[39m=\u001b[32m\"round\"\u001b[39m\n                  \u001b[33mstroke-width\u001b[39m=\u001b[32m\"2\"\u001b[39m\n                  \u001b[33mviewBox\u001b[39m=\u001b[32m\"0 0 24 24\"\u001b[39m\n                  \u001b[33mwidth\u001b[39m=\u001b[32m\"24\"\u001b[39m\n                  \u001b[33mxmlns\u001b[39m=\u001b[32m\"http://www.w3.org/2000/svg\"\u001b[39m\n                \u001b[36m>\u001b[39m\n                  \u001b[36m<circle\u001b[39m\n                    \u001b[33mcx\u001b[39m=\u001b[32m\"12\"\u001b[39m\n                    \u001b[33mcy\u001b[39m=\u001b[32m\"12\"\u001b[39m\n                    \u001b[33mr\u001b[39m=\u001b[32m\"10\"\u001b[39m\n                  \u001b[36m/>\u001b[39m\n                  \u001b[36m<circle\u001b[39m\n                    \u001b[33mcx\u001b[39m=\u001b[32m\"12\"\u001b[39m\n                    \u001b[33mcy\u001b[39m=\u001b[32m\"12\"\u001b[39m\n                    \u001b[33mr\u001b[39m=\u001b[32m\"6\"\u001b[39m\n                  \u001b[36m/>\u001b[39m\n                  \u001b[36m<circle\u001b[39m\n                    \u001b[33mcx\u001b[39m=\u001b[32m\"12\"\u001b[39m\n                    \u001b[33mcy\u001b[39m=\u001b[32m\"12\"\u001b[39m\n                    \u001b[33mr\u001b[39m=\u001b[32m\"2\"\u001b[39m\n                  \u001b[36m/>\u001b[39m\n                \u001b[36m</svg>\u001b[39m\n                \u001b[0mGoal Title\u001b[0m\n              \u001b[36m</label>\u001b[39m\n              \u001b[36m<input\u001b[39m\n                \u001b[33mclass\u001b[39m=\u001b[32m\"flex w-full rounded-lg border-2 bg-background px-4 py-2 text-sm ring-offset-background file:border-0 file:bg-transparent file:text-sm file:font-medium placeholder:text-muted-foreground focus-visible:outline-none focus-visible:ring-2 focus-visible:ring-primary/50 focus-visible:ring-offset-2 focus-visible:border-primary disabled:cursor-not-allowed disabled:opacity-50 transition-all duration-3...\n    at Proxy.<anonymous> (file:///C:/AppBuilderProject/Performance_Management_System_Shadcn/frontend/node_modules/@vitest/expect/dist/index.js:1355:10)\n    at Proxy.<anonymous> (file:///C:/AppBuilderProject/Performance_Management_System_Shadcn/frontend/node_modules/@vitest/expect/dist/index.js:1029:14)\n    at Proxy.methodWrapper (file:///C:/AppBuilderProject/Performance_Management_System_Shadcn/frontend/node_modules/chai/index.js:1686:25)\n    at C:\\AppBuilderProject\\Performance_Management_System_Shadcn\\frontend\\src\\features\\goals\\__tests__\\GoalWeightageCategory.test.tsx:754:29\n    at runWithExpensiveErrorDiagnosticsDisabled (C:\\AppBuilderProject\\Performance_Management_System_Shadcn\\frontend\\node_modules\\@testing-library\\dom\\dist\\config.js:47:12)\n    at checkCallback (C:\\AppBuilderProject\\Performance_Management_System_Shadcn\\frontend\\node_modules\\@testing-library\\dom\\dist\\wait-for.js:124:77)\n    at Timeout.checkRealTimersCallback (C:\\AppBuilderProject\\Performance_Management_System_Shadcn\\frontend\\node_modules\\@testing-library\\dom\\dist\\wait-for.js:118:16)\n    at listOnTimeout (node:internal/timers:588:17)\n    at processTimers (node:internal/timers:523:7)"
                    ],
                    "meta": {}
                },
                {
                    "ancestorTitles": [
                        "Backend Integration - Goal Weightage Validation"
                    ],
                    "fullName": "Backend Integration - Goal Weightage Validation should validate weightage range on backend",
                    "status": "passed",
                    "title": "should validate weightage range on backend",
                    "duration": 90.02520000000368,
                    "failureMessages": [],
                    "meta": {}
                },
                {
                    "ancestorTitles": [
                        "Backend Integration - Goal Weightage Validation"
                    ],
                    "fullName": "Backend Integration - Goal Weightage Validation should validate category existence on backend",
                    "status": "passed",
                    "title": "should validate category existence on backend",
                    "duration": 0.28969999999389984,
                    "failureMessages": [],
                    "meta": {}
                },
                {
                    "ancestorTitles": [
                        "Accessibility - Goal Form"
                    ],
                    "fullName": "Accessibility - Goal Form should have proper ARIA labels",
                    "status": "passed",
                    "title": "should have proper ARIA labels",
                    "duration": 142.19320000000153,
                    "failureMessages": [],
                    "meta": {}
                },
                {
                    "ancestorTitles": [
                        "Accessibility - Goal Form"
                    ],
                    "fullName": "Accessibility - Goal Form should have required field indicators",
                    "status": "passed",
                    "title": "should have required field indicators",
                    "duration": 140.59380000000237,
                    "failureMessages": [],
                    "meta": {}
                }
            ],
            "startTime": 1760349420136,
            "endTime": 1760349455748.5938,
            "status": "failed",
            "message": "",
            "name": "C:/AppBuilderProject/Performance_Management_System_Shadcn/frontend/src/features/goals/__tests__/GoalWeightageCategory.test.tsx"
        }
    ]
}